Mplus VERSION 8.6
MUTHEN & MUTHEN
06/14/2021   8:39 PM

INPUT INSTRUCTIONS

  TITLE:    AILD Workshop Ch. 6 Categorical (Grad Couples Example);
  DATA:     FILE IS categorical.dat;
  VARIABLE: NAMES ARE id time time7c pconf lpconf lpconfc amang
                      amangc amangcb amangcw;
            USEVAR ARE pconf amangcw amangcb lpconfc time7c;
            CATEGORICAL = pconf;
            WITHIN = time7c amangcw lpconfc;
            BETWEEN = amangcb;
            CLUSTER = id;
  DEFINE:   CENTER amangcw (GROUPMEAN);
  ANALYSIS: TYPE = TWOLEVEL RANDOM;
            ESTIMATOR=ml;
  MODEL:    %WITHIN%
            pconf on time7c lpconfc amangcw;
            %BETWEEN%
            pconf on amangcb;
  Output:   sampstat cinterval;



INPUT READING TERMINATED NORMALLY



AILD Workshop Ch. 6 Categorical (Grad Couples Example);

SUMMARY OF ANALYSIS

Number of groups                                                 1
Number of observations                                        1345

Number of dependent variables                                    1
Number of independent variables                                  4
Number of continuous latent variables                            0

Observed dependent variables

  Binary and ordered categorical (ordinal)
   PCONF

Observed independent variables
   AMANGCW     AMANGCB     LPCONFC     TIME7C

Variables with special functions

  Cluster variable      ID

  Within variables
   AMANGCW     LPCONFC     TIME7C

  Between variables
   AMANGCB

  Centering (GROUPMEAN)
   AMANGCW


Estimator                                                       ML
Information matrix                                        OBSERVED
Optimization Specifications for the Quasi-Newton Algorithm for
Continuous Outcomes
  Maximum number of iterations                                 100
  Convergence criterion                                  0.100D-05
Optimization Specifications for the EM Algorithm
  Maximum number of iterations                                 500
  Convergence criteria
    Loglikelihood change                                 0.100D-02
    Relative loglikelihood change                        0.100D-05
    Derivative                                           0.100D-02
Optimization Specifications for the M step of the EM Algorithm for
Categorical Latent variables
  Number of M step iterations                                    1
  M step convergence criterion                           0.100D-02
  Basis for M step termination                           ITERATION
Optimization Specifications for the M step of the EM Algorithm for
Censored, Binary or Ordered Categorical (Ordinal), Unordered
Categorical (Nominal) and Count Outcomes
  Number of M step iterations                                    1
  M step convergence criterion                           0.100D-02
  Basis for M step termination                           ITERATION
  Maximum value for logit thresholds                            15
  Minimum value for logit thresholds                           -15
  Minimum expected cell size for chi-square              0.100D-01
Optimization algorithm                                         EMA
Integration Specifications
  Type                                                    STANDARD
  Number of integration points                                  15
  Dimensions of numerical integration                            1
  Adaptive quadrature                                           ON
Link                                                         LOGIT
Cholesky                                                        ON

Input data file(s)
  categorical.dat
Input data format  FREE


SUMMARY OF DATA

     Number of clusters                         61



UNIVARIATE PROPORTIONS AND COUNTS FOR CATEGORICAL VARIABLES

    PCONF
      Category 1    0.856         1151.000
      Category 2    0.144          194.000


SAMPLE STATISTICS


     SAMPLE STATISTICS


           Means
              AMANGCW       LPCONFC       TIME7C        AMANGCB
              ________      ________      ________      ________
                0.000         0.000         0.000         0.000


           Covariances
              AMANGCW       LPCONFC       TIME7C        AMANGCB
              ________      ________      ________      ________
 AMANGCW        0.997
 LPCONFC        0.021         0.132
 TIME7C        -0.020        -0.038         1.320
 AMANGCB        0.000        -0.010         0.016         0.244


           Correlations
              AMANGCW       LPCONFC       TIME7C        AMANGCB
              ________      ________      ________      ________
 AMANGCW        1.000
 LPCONFC        0.057         1.000
 TIME7C        -0.017        -0.091         1.000
 AMANGCB        0.000        -0.056         0.029         1.000


UNIVARIATE SAMPLE STATISTICS


     UNIVARIATE HIGHER-ORDER MOMENT DESCRIPTIVE STATISTICS

         Variable/         Mean/     Skewness/   Minimum/ % with                Percentiles
        Sample Size      Variance    Kurtosis    Maximum  Min/Max      20%/60%    40%/80%    Median

     AMANGCW               0.000       3.784      -2.100    0.15%      -0.478     -0.247     -0.167
            1345.000       0.997      22.548       9.402    0.07%      -0.109      0.201
     LPCONFC               0.000       1.887      -0.157   84.31%      -0.157     -0.157     -0.157
            1345.000       0.132       1.560       0.843   15.69%      -0.157     -0.157
     TIME7C                0.000       0.055      -1.876    4.01%      -1.135     -0.394     -0.098
            1345.000       1.320      -1.182       1.976    3.49%       0.347      1.235
     AMANGCB               0.009       1.603      -0.471    1.64%      -0.370     -0.224     -0.162
              61.000       0.244       1.919       1.614    1.64%      -0.070      0.247


THE MODEL ESTIMATION TERMINATED NORMALLY



MODEL FIT INFORMATION

Number of Free Parameters                        6

Loglikelihood

          H0 Value                        -536.359

Information Criteria

          Akaike (AIC)                    1084.718
          Bayesian (BIC)                  1115.943
          Sample-Size Adjusted BIC        1096.884
            (n* = (n + 2) / 24)



MODEL RESULTS

                                                    Two-Tailed
                    Estimate       S.E.  Est./S.E.    P-Value

Within Level

 PCONF      ON
    TIME7C            -0.193      0.071     -2.703      0.007
    LPCONFC            0.314      0.211      1.492      0.136
    AMANGCW            0.216      0.068      3.191      0.001

Between Level

 PCONF      ON
    AMANGCB           -0.225      0.226     -0.992      0.321

 Thresholds
    PCONF$1            1.902      0.110     17.256      0.000

 Residual Variances
    PCONF              0.255      0.124      2.051      0.040


QUALITY OF NUMERICAL RESULTS

     Condition Number for the Information Matrix              0.524E-01
       (ratio of smallest to largest eigenvalue)


RESULTS IN PROBABILITY SCALE

                    Estimate

Within Level


Between Level

 PCONF
    Category 1         0.855
    Category 2         0.145


LOGISTIC REGRESSION ODDS RATIO RESULTS

                                                95% C.I.
                    Estimate       S.E.  Lower 2.5% Upper 2.5%

Within Level

 PCONF      ON
    TIME7C             0.825      0.059      0.717      0.948
    LPCONFC            1.369      0.288      0.906      2.068
    AMANGCW            1.241      0.084      1.087      1.417


CONFIDENCE INTERVALS OF MODEL RESULTS

                  Lower .5%  Lower 2.5%    Lower 5%    Estimate    Upper 5%  Upper 2.5%   Upper .5%

Within Level

 PCONF    ON
    TIME7C          -0.376      -0.332      -0.310      -0.193      -0.075      -0.053      -0.009
    LPCONFC         -0.228      -0.099      -0.032       0.314       0.660       0.727       0.856
    AMANGCW          0.042       0.083       0.105       0.216       0.327       0.349       0.390

 Thresholds
    PCONF$1          1.618       1.686       1.721       1.902       2.084       2.118       2.186

Between Level

 PCONF    ON
    AMANGCB         -0.808      -0.668      -0.597      -0.225       0.148       0.219       0.359

 Thresholds
    PCONF$1          1.618       1.686       1.721       1.902       2.084       2.118       2.186

 Residual Variances
    PCONF           -0.065       0.011       0.051       0.255       0.460       0.499       0.575


CONFIDENCE INTERVALS FOR THE LOGISTIC REGRESSION ODDS RATIO RESULTS

Within Level

 PCONF    ON
    TIME7C           0.686       0.717       0.734       0.825       0.927       0.948       0.991
    LPCONFC          0.796       0.906       0.968       1.369       1.936       2.068       2.355
    AMANGCW          1.043       1.087       1.110       1.241       1.387       1.417       1.477


DIAGRAM INFORMATION

  Mplus diagrams are currently not available for multilevel analysis.
  No diagram output was produced.


     Beginning Time:  20:39:37
        Ending Time:  20:39:37
       Elapsed Time:  00:00:00



MUTHEN & MUTHEN
3463 Stoner Ave.
Los Angeles, CA  90066

Tel: (310) 391-9971
Fax: (310) 391-8971
Web: www.StatModel.com
Support: Support@StatModel.com

Copyright (c) 1998-2021 Muthen & Muthen
