Mplus VERSION 8.6
MUTHEN & MUTHEN
06/15/2021   1:52 PM

INPUT INSTRUCTIONS

  TITLE:    AILD Workshop Ch. 6 Categorical (Grad Couples Example);
  DATA:     FILE IS categorical.dat;
  VARIABLE: NAMES ARE id time time7c pconf lpconf lpconfc amang
                      amangc amangcb amangcw;
            USEVAR ARE pconf amangcw amangcb time7c lpconfc;
            CATEGORICAL = pconf;
            WITHIN = time7c amangcw lpconfc;
            BETWEEN = amangcb;
            CLUSTER = id;
  DEFINE:   center amangcw (GROUPMEAN);
  ANALYSIS: TYPE = twolevel random;
            ESTIMATOR=ml;
  MODEL:    %WITHIN%
            slope | pconf on amangcw;
            pconf on lpconfc time7c;
            %BETWEEN%
            pconf on amangcb;
            slope with pconf;
  Output:   sampstat cinterval;



INPUT READING TERMINATED NORMALLY



AILD Workshop Ch. 6 Categorical (Grad Couples Example);

SUMMARY OF ANALYSIS

Number of groups                                                 1
Number of observations                                        1345

Number of dependent variables                                    1
Number of independent variables                                  4
Number of continuous latent variables                            1

Observed dependent variables

  Binary and ordered categorical (ordinal)
   PCONF

Observed independent variables
   AMANGCW     AMANGCB     TIME7C      LPCONFC

Continuous latent variables
   SLOPE

Variables with special functions

  Cluster variable      ID

  Within variables
   AMANGCW     TIME7C      LPCONFC

  Between variables
   AMANGCB

  Centering (GROUPMEAN)
   AMANGCW


Estimator                                                       ML
Information matrix                                        OBSERVED
Optimization Specifications for the Quasi-Newton Algorithm for
Continuous Outcomes
  Maximum number of iterations                                 100
  Convergence criterion                                  0.100D-05
Optimization Specifications for the EM Algorithm
  Maximum number of iterations                                 500
  Convergence criteria
    Loglikelihood change                                 0.100D-02
    Relative loglikelihood change                        0.100D-05
    Derivative                                           0.100D-02
Optimization Specifications for the M step of the EM Algorithm for
Categorical Latent variables
  Number of M step iterations                                    1
  M step convergence criterion                           0.100D-02
  Basis for M step termination                           ITERATION
Optimization Specifications for the M step of the EM Algorithm for
Censored, Binary or Ordered Categorical (Ordinal), Unordered
Categorical (Nominal) and Count Outcomes
  Number of M step iterations                                    1
  M step convergence criterion                           0.100D-02
  Basis for M step termination                           ITERATION
  Maximum value for logit thresholds                            15
  Minimum value for logit thresholds                           -15
  Minimum expected cell size for chi-square              0.100D-01
Optimization algorithm                                         EMA
Integration Specifications
  Type                                                    STANDARD
  Number of integration points                                  15
  Dimensions of numerical integration                            2
  Adaptive quadrature                                           ON
Link                                                         LOGIT
Cholesky                                                        ON

Input data file(s)
  categorical.dat
Input data format  FREE


SUMMARY OF DATA

     Number of clusters                         61



UNIVARIATE PROPORTIONS AND COUNTS FOR CATEGORICAL VARIABLES

    PCONF
      Category 1    0.856         1151.000
      Category 2    0.144          194.000


SAMPLE STATISTICS


     SAMPLE STATISTICS


           Means
              AMANGCW       TIME7C        LPCONFC       AMANGCB
              ________      ________      ________      ________
                0.000         0.000         0.000         0.000


           Covariances
              AMANGCW       TIME7C        LPCONFC       AMANGCB
              ________      ________      ________      ________
 AMANGCW        0.997
 TIME7C        -0.020         1.320
 LPCONFC        0.021        -0.038         0.132
 AMANGCB        0.000         0.016        -0.010         0.244


           Correlations
              AMANGCW       TIME7C        LPCONFC       AMANGCB
              ________      ________      ________      ________
 AMANGCW        1.000
 TIME7C        -0.017         1.000
 LPCONFC        0.057        -0.091         1.000
 AMANGCB        0.000         0.029        -0.056         1.000


UNIVARIATE SAMPLE STATISTICS


     UNIVARIATE HIGHER-ORDER MOMENT DESCRIPTIVE STATISTICS

         Variable/         Mean/     Skewness/   Minimum/ % with                Percentiles
        Sample Size      Variance    Kurtosis    Maximum  Min/Max      20%/60%    40%/80%    Median

     AMANGCW               0.000       3.784      -2.100    0.15%      -0.478     -0.247     -0.167
            1345.000       0.997      22.548       9.402    0.07%      -0.109      0.201
     TIME7C                0.000       0.055      -1.876    4.01%      -1.135     -0.394     -0.098
            1345.000       1.320      -1.182       1.976    3.49%       0.347      1.235
     LPCONFC               0.000       1.887      -0.157   84.31%      -0.157     -0.157     -0.157
            1345.000       0.132       1.560       0.843   15.69%      -0.157     -0.157
     AMANGCB               0.009       1.603      -0.471    1.64%      -0.370     -0.224     -0.162
              61.000       0.244       1.919       1.614    1.64%      -0.070      0.247


THE MODEL ESTIMATION TERMINATED NORMALLY



MODEL FIT INFORMATION

Number of Free Parameters                        8

Loglikelihood

          H0 Value                        -533.773

Information Criteria

          Akaike (AIC)                    1083.546
          Bayesian (BIC)                  1125.179
          Sample-Size Adjusted BIC        1099.766
            (n* = (n + 2) / 24)



MODEL RESULTS

                                                    Two-Tailed
                    Estimate       S.E.  Est./S.E.    P-Value

Within Level

 PCONF      ON
    LPCONFC            0.284      0.214      1.329      0.184
    TIME7C            -0.200      0.072     -2.769      0.006

Between Level

 PCONF      ON
    AMANGCB           -0.188      0.224     -0.841      0.400

 SLOPE    WITH
    PCONF              0.179      0.104      1.718      0.086

 Means
    SLOPE              0.099      0.124      0.797      0.425

 Thresholds
    PCONF$1            1.911      0.112     17.029      0.000

 Variances
    SLOPE              0.123      0.119      1.029      0.304

 Residual Variances
    PCONF              0.276      0.127      2.170      0.030


QUALITY OF NUMERICAL RESULTS

     Condition Number for the Information Matrix              0.195E-02
       (ratio of smallest to largest eigenvalue)


LOGISTIC REGRESSION ODDS RATIO RESULTS

                                                95% C.I.
                    Estimate       S.E.  Lower 2.5% Upper 2.5%

Within Level

 PCONF      ON
    LPCONFC            1.329      0.284      0.874      2.021
    TIME7C             0.818      0.059      0.710      0.943


CONFIDENCE INTERVALS OF MODEL RESULTS

                  Lower .5%  Lower 2.5%    Lower 5%    Estimate    Upper 5%  Upper 2.5%   Upper .5%

Within Level

 PCONF    ON
    LPCONFC         -0.267      -0.135      -0.068       0.284       0.636       0.703       0.835
    TIME7C          -0.387      -0.342      -0.319      -0.200      -0.081      -0.058      -0.014

 Thresholds
    PCONF$1          1.622       1.691       1.726       1.911       2.095       2.130       2.200

Between Level

 PCONF    ON
    AMANGCB         -0.765      -0.627      -0.556      -0.188       0.180       0.250       0.388

 SLOPE    WITH
    PCONF           -0.090      -0.025       0.008       0.179       0.351       0.384       0.448

 Means
    SLOPE           -0.221      -0.145      -0.105       0.099       0.304       0.343       0.419

 Thresholds
    PCONF$1          1.622       1.691       1.726       1.911       2.095       2.130       2.200

 Variances
    SLOPE           -0.185      -0.111      -0.074       0.123       0.319       0.357       0.430

 Residual Variances
    PCONF           -0.052       0.027       0.067       0.276       0.485       0.525       0.603


CONFIDENCE INTERVALS FOR THE LOGISTIC REGRESSION ODDS RATIO RESULTS

Within Level

 PCONF    ON
    LPCONFC          0.766       0.874       0.935       1.329       1.889       2.021       2.305
    TIME7C           0.679       0.710       0.727       0.818       0.922       0.943       0.986


DIAGRAM INFORMATION

  Mplus diagrams are currently not available for multilevel analysis.
  No diagram output was produced.


     Beginning Time:  13:52:24
        Ending Time:  13:52:33
       Elapsed Time:  00:00:09



MUTHEN & MUTHEN
3463 Stoner Ave.
Los Angeles, CA  90066

Tel: (310) 391-9971
Fax: (310) 391-8971
Web: www.StatModel.com
Support: Support@StatModel.com

Copyright (c) 1998-2021 Muthen & Muthen
