Mplus VERSION 8.6
MUTHEN & MUTHEN
06/14/2021   3:34 PM

INPUT INSTRUCTIONS

  TITLE:    AILD Workshop Ch. 7 Dyads (Work-to-Home Stress Example);
  DATA:     FILE IS dyadsdata.dat;
  VARIABLE: NAMES ARE coupleid personid time time7c freldis fwrkstrs fwrkstrsc
            fwrkstrscb fwrkstrscw mreldis mwrkstrs mwrkstrsc mwrkstrscb mwrkstrscw;
            USEVAR =  time7c freldis mreldis fwrkstrscw mwrkstrscw
                      mwrkstrscb fwrkstrscb;
            BETWEEN = mwrkstrscb fwrkstrscb;
            WITHIN =  time7c mwrkstrscw fwrkstrscw;
            CLUSTER = coupleid;
  ANALYSIS: TYPE = TWOLEVEL RANDOM; ESTIMATOR=ml;
  MODEL:    %WITHIN%
             cf | freldis ON fwrkstrscw;
             cm | mreldis ON mwrkstrscw;
             freldis mreldis ON time7c;
             freldis (freldisv1); mreldis (mreldisv1);
             freldis WITH mreldis (covlev1);
            %BETWEEN%
             freldis ON fwrkstrscb;
             mreldis ON mwrkstrscb;
             freldis WITH cf cm;
             mreldis WITH cf cm;
             freldis WITH mreldis (covint);
             cf WITH cm (covslp);
             freldis (freldisv2);
             mreldis (mreldisv2);
             cf (cf);
             cm (cm);
            MODEL CONSTRAINT:
             NEW rint; rint = covint/sqrt(freldisv2 * mreldisv2);
             NEW rslp; rslp = covslp/sqrt(cf * cm);
             NEW rlev1; rlev1 = covlev1/sqrt(freldisv1 * mreldisv1);
  OUTPUT:    cinterval sampstat;



*** WARNING in VARIABLE command
  Note that only the first 8 characters of variable names are used in the output.
  Shorten variable names to avoid any confusion.
   1 WARNING(S) FOUND IN THE INPUT INSTRUCTIONS



AILD Workshop Ch. 7 Dyads (Work-to-Home Stress Example);

SUMMARY OF ANALYSIS

Number of groups                                                 1
Number of observations                                        2100

Number of dependent variables                                    2
Number of independent variables                                  5
Number of continuous latent variables                            2

Observed dependent variables

  Continuous
   FRELDIS     MRELDIS

Observed independent variables
   TIME7C      FWRKSTRS    MWRKSTRS    MWRKSTRS    FWRKSTRS

Continuous latent variables
   CF          CM

Variables with special functions

  Cluster variable      COUPLEID

  Within variables
   TIME7C      FWRKSTRS    MWRKSTRS

  Between variables
   MWRKSTRS    FWRKSTRS


Estimator                                                       ML
Information matrix                                        OBSERVED
Maximum number of iterations                                   100
Convergence criterion                                    0.100D-05
Maximum number of EM iterations                                500
Convergence criteria for the EM algorithm
  Loglikelihood change                                   0.100D-02
  Relative loglikelihood change                          0.100D-05
  Derivative                                             0.100D-03
Minimum variance                                         0.100D-03
Maximum number of steepest descent iterations                   20
Maximum number of iterations for H1                           2000
Convergence criterion for H1                             0.100D-03
Optimization algorithm                                         EMA

Input data file(s)
  dyadsdata.dat
Input data format  FREE


SUMMARY OF DATA

     Number of clusters                        100

     Average cluster size       21.000

     Estimated Intraclass Correlations for the Y Variables

                Intraclass              Intraclass              Intraclass
     Variable  Correlation   Variable  Correlation   Variable  Correlation

     FRELDIS      0.469      MRELDIS      0.557



SAMPLE STATISTICS

NOTE:  The sample statistics for within and between refer to the
       maximum-likelihood estimated within and between covariance
       matrices, respectively.


     ESTIMATED SAMPLE STATISTICS FOR WITHIN


           Means
              FRELDIS       MRELDIS       TIME7C        FWRKSTRS      MWRKSTRS
              ________      ________      ________      ________      ________
                0.000         0.000        -0.071         0.000         0.000


           Means
              MWRKSTRS      FWRKSTRS
              ________      ________
                0.000         0.000


           Covariances
              FRELDIS       MRELDIS       TIME7C        FWRKSTRS      MWRKSTRS
              ________      ________      ________      ________      ________
 FRELDIS        1.037
 MRELDIS        0.066         0.802
 TIME7C        -0.015         0.005         0.748
 FWRKSTRS       0.158         0.012         0.013         1.007
 MWRKSTRS      -0.008         0.109         0.004        -0.021         1.014
 MWRKSTRS       0.000         0.000         0.000         0.000         0.000
 FWRKSTRS       0.000         0.000         0.000         0.000         0.000


           Covariances
              MWRKSTRS      FWRKSTRS
              ________      ________
 MWRKSTRS       0.000
 FWRKSTRS       0.000         0.000


           Correlations
              FRELDIS       MRELDIS       TIME7C        FWRKSTRS      MWRKSTRS
              ________      ________      ________      ________      ________
 FRELDIS        1.000
 MRELDIS        0.072         1.000
 TIME7C        -0.017         0.006         1.000
 FWRKSTRS       0.154         0.013         0.015         1.000
 MWRKSTRS      -0.008         0.121         0.004        -0.021         1.000
 MWRKSTRS       0.000         0.000         0.000         0.000         0.000
 FWRKSTRS       0.000         0.000         0.000         0.000         0.000


           Correlations
              MWRKSTRS      FWRKSTRS
              ________      ________
 MWRKSTRS       0.000
 FWRKSTRS       0.000         0.000


     ESTIMATED SAMPLE STATISTICS FOR BETWEEN


           Means
              FRELDIS       MRELDIS       TIME7C        FWRKSTRS      MWRKSTRS
              ________      ________      ________      ________      ________
                4.635         5.082         0.000         0.000         0.000


           Means
              MWRKSTRS      FWRKSTRS
              ________      ________
                0.022        -0.022


           Covariances
              FRELDIS       MRELDIS       TIME7C        FWRKSTRS      MWRKSTRS
              ________      ________      ________      ________      ________
 FRELDIS        0.916
 MRELDIS        0.271         1.009
 TIME7C         0.000         0.000         0.000
 FWRKSTRS       0.000         0.000         0.000         0.000
 MWRKSTRS       0.000         0.000         0.000         0.000         0.000
 MWRKSTRS       0.024        -0.001         0.000         0.000         0.000
 FWRKSTRS       0.025         0.033         0.000         0.000         0.000


           Covariances
              MWRKSTRS      FWRKSTRS
              ________      ________
 MWRKSTRS       0.051
 FWRKSTRS      -0.005         0.046


           Correlations
              FRELDIS       MRELDIS       TIME7C        FWRKSTRS      MWRKSTRS
              ________      ________      ________      ________      ________
 FRELDIS        1.000
 MRELDIS        0.281         1.000
 TIME7C         0.000         0.000         0.000
 FWRKSTRS       0.000         0.000         0.000         0.000
 MWRKSTRS       0.000         0.000         0.000         0.000         0.000
 MWRKSTRS       0.111        -0.003         0.000         0.000         0.000
 FWRKSTRS       0.121         0.152         0.000         0.000         0.000


           Correlations
              MWRKSTRS      FWRKSTRS
              ________      ________
 MWRKSTRS       1.000
 FWRKSTRS      -0.109         1.000


UNIVARIATE SAMPLE STATISTICS


     UNIVARIATE HIGHER-ORDER MOMENT DESCRIPTIVE STATISTICS

         Variable/         Mean/     Skewness/   Minimum/ % with                Percentiles
        Sample Size      Variance    Kurtosis    Maximum  Min/Max      20%/60%    40%/80%    Median

     FRELDIS               4.635       0.107       0.000    0.05%       3.490      4.250      4.610
            2100.000       1.953       0.243      10.000    0.05%       4.950      5.790
     MRELDIS               5.082       0.086       0.000    0.05%       3.950      4.730      5.060
            2100.000       1.811       0.091      10.000    0.05%       5.410      6.180
     TIME7C               -0.071       0.000      -1.500    4.76%      -0.929     -0.357     -0.071
            2100.000       0.748      -1.205       1.357    4.76%       0.214      0.786
     FWRKSTRSCW            0.000       0.040      -3.000    0.05%      -0.905     -0.143      0.000
            2100.000       1.007      -0.228       2.952    0.05%       0.143      0.952
     MWRKSTRSCW            0.000       0.022      -3.381    0.05%      -0.952     -0.143      0.000
            2100.000       1.014      -0.123       4.095    0.05%       0.143      0.905
     MWRKSTRSCB            0.022      -0.328      -0.610    1.00%      -0.133     -0.038      0.033
             100.000       0.051      -0.061       0.486    1.00%       0.105      0.200
     FWRKSTRSCB           -0.022       0.161      -0.514    1.00%      -0.181     -0.086     -0.038
             100.000       0.046      -0.163       0.533    1.00%       0.010      0.152


THE MODEL ESTIMATION TERMINATED NORMALLY



MODEL FIT INFORMATION

Number of Free Parameters                       21

Loglikelihood

          H0 Value                       -6013.215

Information Criteria

          Akaike (AIC)                   12068.430
          Bayesian (BIC)                 12187.073
          Sample-Size Adjusted BIC       12120.354
            (n* = (n + 2) / 24)



MODEL RESULTS

                                                    Two-Tailed
                    Estimate       S.E.  Est./S.E.    P-Value

Within Level

 FRELDIS    ON
    TIME7C            -0.025      0.025     -0.985      0.325

 MRELDIS    ON
    TIME7C             0.012      0.022      0.518      0.605

 FRELDIS  WITH
    MRELDIS            0.064      0.020      3.212      0.001

 Residual Variances
    FRELDIS            0.996      0.032     30.897      0.000
    MRELDIS            0.760      0.025     30.854      0.000

Between Level

 FRELDIS    ON
    FWRKSTRSCB         0.622      0.439      1.418      0.156

 MRELDIS    ON
    MWRKSTRSCB        -0.143      0.439     -0.326      0.744

 FRELDIS  WITH
    CF                 0.058      0.025      2.285      0.022
    CM                -0.003      0.025     -0.121      0.904

 MRELDIS  WITH
    CF                 0.001      0.027      0.030      0.976
    CM                 0.030      0.026      1.145      0.252

 CF       WITH
    CM                 0.010      0.007      1.579      0.114

 FRELDIS  WITH
    MRELDIS            0.254      0.105      2.427      0.015

 Means
    CF                 0.159      0.025      6.356      0.000
    CM                 0.109      0.025      4.307      0.000

 Intercepts
    FRELDIS            4.648      0.098     47.411      0.000
    MRELDIS            5.086      0.103     49.455      0.000

 Variances
    CF                 0.015      0.009      1.763      0.078
    CM                 0.028      0.009      3.070      0.002

 Residual Variances
    FRELDIS            0.904      0.135      6.716      0.000
    MRELDIS            1.011      0.148      6.821      0.000

New/Additional Parameters
    RINT               0.266      0.099      2.681      0.007
    RSLP               0.513      0.317      1.619      0.106
    RLEV1              0.073      0.023      3.239      0.001


QUALITY OF NUMERICAL RESULTS

     Condition Number for the Information Matrix              0.312E-04
       (ratio of smallest to largest eigenvalue)


CONFIDENCE INTERVALS OF MODEL RESULTS

                  Lower .5%  Lower 2.5%    Lower 5%    Estimate    Upper 5%  Upper 2.5%   Upper .5%

Within Level

 FRELDIS  ON
    TIME7C          -0.090      -0.075      -0.067      -0.025       0.017       0.025       0.040

 MRELDIS  ON
    TIME7C          -0.046      -0.032      -0.025       0.012       0.048       0.055       0.069

 FRELDIS  WITH
    MRELDIS          0.013       0.025       0.031       0.064       0.096       0.103       0.115

 Residual Variances
    FRELDIS          0.913       0.933       0.943       0.996       1.049       1.059       1.079
    MRELDIS          0.697       0.712       0.720       0.760       0.801       0.809       0.824

Between Level

 FRELDIS  ON
    FWRKSTRSCB      -0.508      -0.238      -0.099       0.622       1.343       1.481       1.751

 MRELDIS  ON
    MWRKSTRSCB      -1.274      -1.004      -0.865      -0.143       0.579       0.717       0.988

 FRELDIS  WITH
    CF              -0.007       0.008       0.016       0.058       0.099       0.107       0.123
    CM              -0.069      -0.053      -0.045      -0.003       0.039       0.047       0.062

 MRELDIS  WITH
    CF              -0.068      -0.052      -0.043       0.001       0.045       0.053       0.070
    CM              -0.038      -0.021      -0.013       0.030       0.073       0.081       0.097

 CF       WITH
    CM              -0.007      -0.003       0.000       0.010       0.021       0.023       0.027

 FRELDIS  WITH
    MRELDIS         -0.016       0.049       0.082       0.254       0.426       0.459       0.524

 Means
    CF               0.095       0.110       0.118       0.159       0.201       0.209       0.224
    CM               0.044       0.060       0.068       0.109       0.151       0.159       0.175

 Intercepts
    FRELDIS          4.395       4.455       4.486       4.648       4.809       4.840       4.900
    MRELDIS          4.821       4.884       4.917       5.086       5.255       5.287       5.351

 Variances
    CF              -0.007      -0.002       0.001       0.015       0.029       0.032       0.037
    CM               0.004       0.010       0.013       0.028       0.042       0.045       0.051

 Residual Variances
    FRELDIS          0.557       0.640       0.682       0.904       1.125       1.167       1.250
    MRELDIS          0.629       0.721       0.768       1.011       1.255       1.302       1.393

New/Additional Parameters
    RINT             0.010       0.072       0.103       0.266       0.429       0.460       0.521
    RSLP            -0.303      -0.108      -0.008       0.513       1.034       1.134       1.329
    RLEV1            0.015       0.029       0.036       0.073       0.110       0.118       0.132


DIAGRAM INFORMATION

  Mplus diagrams are currently not available for multilevel analysis.
  No diagram output was produced.


     Beginning Time:  15:34:24
        Ending Time:  15:34:24
       Elapsed Time:  00:00:00



MUTHEN & MUTHEN
3463 Stoner Ave.
Los Angeles, CA  90066

Tel: (310) 391-9971
Fax: (310) 391-8971
Web: www.StatModel.com
Support: Support@StatModel.com

Copyright (c) 1998-2021 Muthen & Muthen
