Mplus VERSION 8.6
MUTHEN & MUTHEN
06/15/2021   9:43 AM

INPUT INSTRUCTIONS

  TITLE:    AILD Workshop Ch. 7 Dyads (Work-to-Home Stress Example) APIM;
  DATA:     FILE IS dyadsdata.dat;
  VARIABLE: NAMES ARE coupleid personid time time7c freldis fwrkstrs fwrkstrsc
            fwrkstrscb fwrkstrscw mreldis mwrkstrs mwrkstrsc mwrkstrscb mwrkstrscw;
            USEVAR =  time7c freldis mreldis fwrkstrscw mwrkstrscw
                      mwrkstrscb fwrkstrscb;
            BETWEEN = mwrkstrscb fwrkstrscb;
            WITHIN =  time7c mwrkstrscw fwrkstrscw;
            CLUSTER = coupleid;
  ANALYSIS: TYPE = TWOLEVEL RANDOM; ESTIMATOR=ml;
  MODEL:    %WITHIN%
             cf | freldis ON fwrkstrscw;
             cm | mreldis ON mwrkstrscw;
             cfm | freldis ON mwrkstrscw;
             cmf | mreldis ON fwrkstrscw;
             freldis mreldis ON time7c;
             freldis (freldisv1); mreldis (mreldisv1);
             freldis WITH mreldis (covlev1);
            %BETWEEN%
             freldis ON fwrkstrscb mwrkstrscb;
             mreldis ON mwrkstrscb fwrkstrscb;
             freldis mreldis cf cm cfm cmf WITH freldis mreldis cf cm cfm cmf;
             freldis WITH cf cm;
             mreldis WITH cf cm;
             freldis WITH mreldis (covint);
             cf WITH cm (covslp);
             freldis (freldisv2);
             mreldis (mreldisv2);
             cf (cf);
             cm (cm);
            MODEL CONSTRAINT:
             NEW rint; rint = covint/sqrt(freldisv2 * mreldisv2);
             NEW rslp; rslp = covslp/sqrt(cf * cm);
             NEW rlev1; rlev1 = covlev1/sqrt(freldisv1 * mreldisv1);
  OUTPUT:    cinterval sampstat;



*** WARNING in VARIABLE command
  Note that only the first 8 characters of variable names are used in the output.
  Shorten variable names to avoid any confusion.
   1 WARNING(S) FOUND IN THE INPUT INSTRUCTIONS



AILD Workshop Ch. 7 Dyads (Work-to-Home Stress Example) APIM;

SUMMARY OF ANALYSIS

Number of groups                                                 1
Number of observations                                        2100

Number of dependent variables                                    2
Number of independent variables                                  5
Number of continuous latent variables                            4

Observed dependent variables

  Continuous
   FRELDIS     MRELDIS

Observed independent variables
   TIME7C      FWRKSTRS    MWRKSTRS    MWRKSTRS    FWRKSTRS

Continuous latent variables
   CF          CM          CFM         CMF

Variables with special functions

  Cluster variable      COUPLEID

  Within variables
   TIME7C      FWRKSTRS    MWRKSTRS

  Between variables
   MWRKSTRS    FWRKSTRS


Estimator                                                       ML
Information matrix                                        OBSERVED
Maximum number of iterations                                   100
Convergence criterion                                    0.100D-05
Maximum number of EM iterations                                500
Convergence criteria for the EM algorithm
  Loglikelihood change                                   0.100D-02
  Relative loglikelihood change                          0.100D-05
  Derivative                                             0.100D-03
Minimum variance                                         0.100D-03
Maximum number of steepest descent iterations                   20
Maximum number of iterations for H1                           2000
Convergence criterion for H1                             0.100D-03
Optimization algorithm                                         EMA

Input data file(s)
  dyadsdata.dat
Input data format  FREE


SUMMARY OF DATA

     Number of clusters                        100

     Average cluster size       21.000

     Estimated Intraclass Correlations for the Y Variables

                Intraclass              Intraclass              Intraclass
     Variable  Correlation   Variable  Correlation   Variable  Correlation

     FRELDIS      0.469      MRELDIS      0.557



SAMPLE STATISTICS

NOTE:  The sample statistics for within and between refer to the
       maximum-likelihood estimated within and between covariance
       matrices, respectively.


     ESTIMATED SAMPLE STATISTICS FOR WITHIN


           Means
              FRELDIS       MRELDIS       TIME7C        FWRKSTRS      MWRKSTRS
              ________      ________      ________      ________      ________
                0.000         0.000        -0.071         0.000         0.000


           Means
              MWRKSTRS      FWRKSTRS
              ________      ________
                0.000         0.000


           Covariances
              FRELDIS       MRELDIS       TIME7C        FWRKSTRS      MWRKSTRS
              ________      ________      ________      ________      ________
 FRELDIS        1.037
 MRELDIS        0.066         0.802
 TIME7C        -0.015         0.005         0.748
 FWRKSTRS       0.158         0.012         0.013         1.007
 MWRKSTRS      -0.008         0.109         0.004        -0.021         1.014
 MWRKSTRS       0.000         0.000         0.000         0.000         0.000
 FWRKSTRS       0.000         0.000         0.000         0.000         0.000


           Covariances
              MWRKSTRS      FWRKSTRS
              ________      ________
 MWRKSTRS       0.000
 FWRKSTRS       0.000         0.000


           Correlations
              FRELDIS       MRELDIS       TIME7C        FWRKSTRS      MWRKSTRS
              ________      ________      ________      ________      ________
 FRELDIS        1.000
 MRELDIS        0.072         1.000
 TIME7C        -0.017         0.006         1.000
 FWRKSTRS       0.154         0.013         0.015         1.000
 MWRKSTRS      -0.008         0.121         0.004        -0.021         1.000
 MWRKSTRS       0.000         0.000         0.000         0.000         0.000
 FWRKSTRS       0.000         0.000         0.000         0.000         0.000


           Correlations
              MWRKSTRS      FWRKSTRS
              ________      ________
 MWRKSTRS       0.000
 FWRKSTRS       0.000         0.000


     ESTIMATED SAMPLE STATISTICS FOR BETWEEN


           Means
              FRELDIS       MRELDIS       TIME7C        FWRKSTRS      MWRKSTRS
              ________      ________      ________      ________      ________
                4.635         5.082         0.000         0.000         0.000


           Means
              MWRKSTRS      FWRKSTRS
              ________      ________
                0.022        -0.022


           Covariances
              FRELDIS       MRELDIS       TIME7C        FWRKSTRS      MWRKSTRS
              ________      ________      ________      ________      ________
 FRELDIS        0.916
 MRELDIS        0.271         1.009
 TIME7C         0.000         0.000         0.000
 FWRKSTRS       0.000         0.000         0.000         0.000
 MWRKSTRS       0.000         0.000         0.000         0.000         0.000
 MWRKSTRS       0.024        -0.001         0.000         0.000         0.000
 FWRKSTRS       0.025         0.033         0.000         0.000         0.000


           Covariances
              MWRKSTRS      FWRKSTRS
              ________      ________
 MWRKSTRS       0.051
 FWRKSTRS      -0.005         0.046


           Correlations
              FRELDIS       MRELDIS       TIME7C        FWRKSTRS      MWRKSTRS
              ________      ________      ________      ________      ________
 FRELDIS        1.000
 MRELDIS        0.281         1.000
 TIME7C         0.000         0.000         0.000
 FWRKSTRS       0.000         0.000         0.000         0.000
 MWRKSTRS       0.000         0.000         0.000         0.000         0.000
 MWRKSTRS       0.111        -0.003         0.000         0.000         0.000
 FWRKSTRS       0.121         0.152         0.000         0.000         0.000


           Correlations
              MWRKSTRS      FWRKSTRS
              ________      ________
 MWRKSTRS       1.000
 FWRKSTRS      -0.109         1.000


UNIVARIATE SAMPLE STATISTICS


     UNIVARIATE HIGHER-ORDER MOMENT DESCRIPTIVE STATISTICS

         Variable/         Mean/     Skewness/   Minimum/ % with                Percentiles
        Sample Size      Variance    Kurtosis    Maximum  Min/Max      20%/60%    40%/80%    Median

     FRELDIS               4.635       0.107       0.000    0.05%       3.490      4.250      4.610
            2100.000       1.953       0.243      10.000    0.05%       4.950      5.790
     MRELDIS               5.082       0.086       0.000    0.05%       3.950      4.730      5.060
            2100.000       1.811       0.091      10.000    0.05%       5.410      6.180
     TIME7C               -0.071       0.000      -1.500    4.76%      -0.929     -0.357     -0.071
            2100.000       0.748      -1.205       1.357    4.76%       0.214      0.786
     FWRKSTRSCW            0.000       0.040      -3.000    0.05%      -0.905     -0.143      0.000
            2100.000       1.007      -0.228       2.952    0.05%       0.143      0.952
     MWRKSTRSCW            0.000       0.022      -3.381    0.05%      -0.952     -0.143      0.000
            2100.000       1.014      -0.123       4.095    0.05%       0.143      0.905
     MWRKSTRSCB            0.022      -0.328      -0.610    1.00%      -0.133     -0.038      0.033
             100.000       0.051      -0.061       0.486    1.00%       0.105      0.200
     FWRKSTRSCB           -0.022       0.161      -0.514    1.00%      -0.181     -0.086     -0.038
             100.000       0.046      -0.163       0.533    1.00%       0.010      0.152


THE MODEL ESTIMATION TERMINATED NORMALLY



MODEL FIT INFORMATION

Number of Free Parameters                       36

Loglikelihood

          H0 Value                       -6007.807

Information Criteria

          Akaike (AIC)                   12087.614
          Bayesian (BIC)                 12291.003
          Sample-Size Adjusted BIC       12176.627
            (n* = (n + 2) / 24)



MODEL RESULTS

                                                    Two-Tailed
                    Estimate       S.E.  Est./S.E.    P-Value

Within Level

 FRELDIS    ON
    TIME7C            -0.022      0.025     -0.886      0.375

 MRELDIS    ON
    TIME7C             0.012      0.022      0.544      0.587

 FRELDIS  WITH
    MRELDIS            0.061      0.020      3.008      0.003

 Residual Variances
    FRELDIS            0.988      0.033     30.358      0.000
    MRELDIS            0.756      0.025     30.325      0.000

Between Level

 FRELDIS    ON
    FWRKSTRSCB         0.756      0.448      1.690      0.091
    MWRKSTRSCB         0.472      0.416      1.135      0.257

 MRELDIS    ON
    MWRKSTRSCB         0.070      0.446      0.158      0.874
    FWRKSTRSCB         0.630      0.481      1.309      0.191

 FRELDIS  WITH
    CF                 0.057      0.026      2.224      0.026
    CM                -0.001      0.025     -0.059      0.953
    CFM                0.042      0.025      1.703      0.089
    CMF               -0.002      0.020     -0.093      0.926

 MRELDIS  WITH
    CF                 0.009      0.027      0.337      0.736
    CM                 0.032      0.026      1.204      0.229
    CFM                0.036      0.025      1.440      0.150
    CMF                0.006      0.023      0.288      0.773

 CF       WITH
    CM                 0.011      0.007      1.585      0.113
    CFM                0.004      0.006      0.606      0.545
    CMF                0.005      0.005      0.871      0.384

 CM       WITH
    CFM                0.000      0.006     -0.034      0.973
    CMF                0.004      0.006      0.674      0.501

 CFM      WITH
    CMF                0.002      0.006      0.322      0.747

 FRELDIS  WITH
    MRELDIS            0.251      0.101      2.476      0.013

 Means
    CF                 0.161      0.026      6.314      0.000
    CM                 0.109      0.026      4.265      0.000
    CFM               -0.007      0.023     -0.293      0.770
    CMF                0.016      0.020      0.779      0.436

 Intercepts
    FRELDIS            4.640      0.098     47.474      0.000
    MRELDIS            5.095      0.102     49.872      0.000

 Variances
    CF                 0.017      0.009      1.885      0.059
    CM                 0.028      0.009      3.099      0.002
    CFM                0.006      0.008      0.793      0.428
    CMF                0.003      0.006      0.582      0.561

 Residual Variances
    FRELDIS            0.891      0.133      6.706      0.000
    MRELDIS            0.988      0.145      6.820      0.000

New/Additional Parameters
    RINT               0.267      0.097      2.746      0.006
    RSLP               0.497      0.301      1.650      0.099
    RLEV1              0.070      0.023      3.031      0.002


QUALITY OF NUMERICAL RESULTS

     Condition Number for the Information Matrix              0.332E-04
       (ratio of smallest to largest eigenvalue)


CONFIDENCE INTERVALS OF MODEL RESULTS

                  Lower .5%  Lower 2.5%    Lower 5%    Estimate    Upper 5%  Upper 2.5%   Upper .5%

Within Level

 FRELDIS  ON
    TIME7C          -0.088      -0.072      -0.064      -0.022       0.019       0.027       0.043

 MRELDIS  ON
    TIME7C          -0.045      -0.032      -0.025       0.012       0.049       0.056       0.070

 FRELDIS  WITH
    MRELDIS          0.009       0.021       0.028       0.061       0.094       0.100       0.113

 Residual Variances
    FRELDIS          0.904       0.924       0.934       0.988       1.041       1.052       1.072
    MRELDIS          0.692       0.707       0.715       0.756       0.797       0.805       0.821

Between Level

 FRELDIS  ON
    FWRKSTRSCB      -0.397      -0.121       0.020       0.756       1.493       1.634       1.909
    MWRKSTRSCB      -0.599      -0.343      -0.212       0.472       1.156       1.287       1.543

 MRELDIS  ON
    MWRKSTRSCB      -1.078      -0.803      -0.663       0.070       0.804       0.944       1.219
    FWRKSTRSCB      -0.609      -0.313      -0.162       0.630       1.421       1.572       1.868

 FRELDIS  WITH
    CF              -0.009       0.007       0.015       0.057       0.099       0.108       0.123
    CM              -0.067      -0.051      -0.043      -0.001       0.040       0.048       0.064
    CFM             -0.022      -0.006       0.001       0.042       0.083       0.091       0.106
    CMF             -0.054      -0.042      -0.035      -0.002       0.032       0.038       0.051

 MRELDIS  WITH
    CF              -0.061      -0.045      -0.036       0.009       0.054       0.063       0.080
    CM              -0.036      -0.020      -0.012       0.032       0.075       0.083       0.099
    CFM             -0.028      -0.013      -0.005       0.036       0.077       0.084       0.100
    CMF             -0.052      -0.038      -0.031       0.006       0.044       0.051       0.064

 CF       WITH
    CM              -0.007      -0.003       0.000       0.011       0.022       0.024       0.029
    CFM             -0.012      -0.008      -0.006       0.004       0.013       0.015       0.019
    CMF             -0.009      -0.006      -0.004       0.005       0.013       0.015       0.018

 CM       WITH
    CFM             -0.016      -0.012      -0.010       0.000       0.010       0.012       0.015
    CMF             -0.012      -0.008      -0.006       0.004       0.014       0.016       0.020

 CFM      WITH
    CMF             -0.013      -0.009      -0.007       0.002       0.011       0.013       0.016

 FRELDIS  WITH
    MRELDIS         -0.010       0.052       0.084       0.251       0.417       0.449       0.512

 Means
    CF               0.096       0.111       0.119       0.161       0.203       0.211       0.227
    CM               0.043       0.059       0.067       0.109       0.151       0.159       0.175
    CFM             -0.066      -0.052      -0.045      -0.007       0.031       0.039       0.053
    CMF             -0.036      -0.024      -0.017       0.016       0.049       0.055       0.068

 Intercepts
    FRELDIS          4.388       4.449       4.479       4.640       4.801       4.832       4.892
    MRELDIS          4.832       4.895       4.927       5.095       5.263       5.295       5.358

 Variances
    CF              -0.006      -0.001       0.002       0.017       0.032       0.034       0.040
    CM               0.005       0.010       0.013       0.028       0.043       0.046       0.052
    CFM             -0.014      -0.009      -0.007       0.006       0.019       0.021       0.026
    CMF             -0.012      -0.008      -0.006       0.003       0.013       0.015       0.019

 Residual Variances
    FRELDIS          0.549       0.630       0.672       0.891       1.109       1.151       1.233
    MRELDIS          0.615       0.704       0.749       0.988       1.226       1.272       1.361

New/Additional Parameters
    RINT             0.017       0.077       0.107       0.267       0.428       0.458       0.518
    RSLP            -0.279      -0.094       0.001       0.497       0.993       1.088       1.274
    RLEV1            0.011       0.025       0.032       0.070       0.108       0.116       0.130


DIAGRAM INFORMATION

  Mplus diagrams are currently not available for multilevel analysis.
  No diagram output was produced.


     Beginning Time:  09:43:25
        Ending Time:  09:43:34
       Elapsed Time:  00:00:09



MUTHEN & MUTHEN
3463 Stoner Ave.
Los Angeles, CA  90066

Tel: (310) 391-9971
Fax: (310) 391-8971
Web: www.StatModel.com
Support: Support@StatModel.com

Copyright (c) 1998-2021 Muthen & Muthen
