Mplus VERSION 8.6
MUTHEN & MUTHEN
06/22/2021  11:18 AM

INPUT INSTRUCTIONS

  TITLE:  MC power estimation based on Mplus results (timecourse.inp);
  MONTECARLO:	
          NAMES ARE time01 intim tx;
          NOBSERVATIONS = 800; NCSIZES = 1; CSIZES = 50 (16);
          SEED = 5859; NREPS = 1000;
          WITHIN = time01; BETWEEN = tx;
  ANALYSIS:
          TYPE = twolevel random;
          ESTIMATOR = ML;
          PROCESS = 2;
  MODEL POPULATION:
          %WITHIN%
          slope | intim ON time01;
          [time01*0.500];
          intim*1.693; time01*0.094;
          %BETWEEN%
          slope ON tx*0.921;
          intim ON tx*-0.056;
          intim WITH slope*-0.462;
          [tx*0.500]; [intim*2.899]; [slope*0.735];
          tx*0.250; intim*0.637; slope*1.752;

  MODEL:
          %WITHIN%
          slope | intim ON time01;
          [time01*0.500];
          intim*1.693; time01*0.094;
          %BETWEEN%
          slope ON tx*0.921;
          intim ON tx*-0.056;
          intim WITH slope*-0.462;
          [tx*0.500]; [intim*2.899]; [slope*0.735];
          tx*0.250; intim*0.637; slope*1.752;
  OUTPUT:	TECH9;



INPUT READING TERMINATED NORMALLY



MC power estimation based on Mplus results (timecourse.inp);

SUMMARY OF ANALYSIS

Number of groups                                                 1
Number of observations                                         800

Number of replications
    Requested                                                 1000
    Completed                                                 1000
Value of seed                                                 5859

Number of dependent variables                                    1
Number of independent variables                                  2
Number of continuous latent variables                            1

Observed dependent variables

  Continuous
   INTIM

Observed independent variables
   TIME01      TX

Continuous latent variables
   SLOPE

Variables with special functions

  Within variables
   TIME01

  Between variables
   TX


Estimator                                                       ML
Information matrix                                        OBSERVED
Maximum number of iterations                                   100
Convergence criterion                                    0.100D-05
Maximum number of EM iterations                                500
Convergence criteria for the EM algorithm
  Loglikelihood change                                   0.100D-02
  Relative loglikelihood change                          0.100D-05
  Derivative                                             0.100D-03
Minimum variance                                         0.100D-03
Maximum number of steepest descent iterations                   20
Maximum number of iterations for H1                           2000
Convergence criterion for H1                             0.100D-03
Optimization algorithm                                         EMA


SUMMARY OF DATA FOR THE FIRST REPLICATION

     Cluster information

       Size (s)    Number of clusters of Size s

         16            50

     Average cluster size       16.000

     Estimated Intraclass Correlations for the Y Variables

                Intraclass              Intraclass              Intraclass
     Variable  Correlation   Variable  Correlation   Variable  Correlation

     INTIM        0.202      TIME01       0.000


SAMPLE STATISTICS FOR THE FIRST REPLICATION

NOTE:  The sample statistics for within and between refer to the
       maximum-likelihood estimated within and between covariance
       matrices, respectively.


     ESTIMATED SAMPLE STATISTICS FOR WITHIN


           Means
              TX            INTIM         TIME01
              ________      ________      ________
                0.000         0.000         0.497


           Covariances
              TX            INTIM         TIME01
              ________      ________      ________
 TX             0.000
 INTIM          0.000         2.013
 TIME01         0.000         0.115         0.082


           Correlations
              TX            INTIM         TIME01
              ________      ________      ________
 TX             0.000
 INTIM          0.000         1.000
 TIME01         0.000         0.284         1.000


     ESTIMATED SAMPLE STATISTICS FOR BETWEEN


           Means
              TX            INTIM         TIME01
              ________      ________      ________
                0.545         3.461         0.000


           Covariances
              TX            INTIM         TIME01
              ________      ________      ________
 TX             0.140
 INTIM         -0.042         0.509
 TIME01         0.000         0.000         0.000


           Correlations
              TX            INTIM         TIME01
              ________      ________      ________
 TX             1.000
 INTIM         -0.157         1.000
 TIME01         0.000         0.000         0.000




MODEL FIT INFORMATION

Number of Free Parameters                       12

Loglikelihood

    H0 Value

        Mean                             -1633.190
        Std Dev                             29.216
        Number of successful computations     1000

             Proportions                   Percentiles
        Expected    Observed         Expected       Observed
           0.990       0.992        -1701.156      -1700.216
           0.980       0.980        -1693.192      -1694.767
           0.950       0.947        -1681.248      -1682.240
           0.900       0.889        -1670.633      -1672.631
           0.800       0.790        -1657.778      -1659.139
           0.700       0.707        -1648.511      -1647.985
           0.500       0.495        -1633.190      -1633.592
           0.300       0.306        -1617.869      -1617.239
           0.200       0.216        -1608.601      -1607.454
           0.100       0.097        -1595.746      -1596.495
           0.050       0.051        -1585.132      -1584.939
           0.020       0.020        -1573.188      -1574.596
           0.010       0.008        -1565.223      -1566.980

Information Criteria

    Akaike (AIC)

        Mean                              3290.379
        Std Dev                             58.433
        Number of successful computations     1000

             Proportions                   Percentiles
        Expected    Observed         Expected       Observed
           0.990       0.992         3154.447       3156.801
           0.980       0.980         3170.376       3169.701
           0.950       0.949         3194.263       3193.746
           0.900       0.903         3215.492       3216.001
           0.800       0.784         3241.202       3238.898
           0.700       0.694         3259.737       3258.455
           0.500       0.505         3290.379       3291.128
           0.300       0.293         3321.022       3319.410
           0.200       0.210         3339.557       3341.590
           0.100       0.111         3365.267       3368.674
           0.050       0.053         3386.496       3387.487
           0.020       0.020         3410.383       3407.779
           0.010       0.008         3426.312       3424.029

    Bayesian (BIC)

        Mean                              3346.595
        Std Dev                             58.433
        Number of successful computations     1000

             Proportions                   Percentiles
        Expected    Observed         Expected       Observed
           0.990       0.992         3210.662       3213.016
           0.980       0.980         3226.591       3225.916
           0.950       0.949         3250.478       3249.961
           0.900       0.903         3271.707       3272.216
           0.800       0.784         3297.418       3295.113
           0.700       0.694         3315.952       3314.671
           0.500       0.505         3346.595       3347.344
           0.300       0.293         3377.237       3375.625
           0.200       0.210         3395.772       3397.805
           0.100       0.111         3421.482       3424.889
           0.050       0.053         3442.711       3443.703
           0.020       0.020         3466.598       3463.994
           0.010       0.008         3482.527       3480.244

    Sample-Size Adjusted BIC (n* = (n + 2) / 24)

        Mean                              3308.488
        Std Dev                             58.433
        Number of successful computations     1000

             Proportions                   Percentiles
        Expected    Observed         Expected       Observed
           0.990       0.992         3172.556       3174.910
           0.980       0.980         3188.484       3187.809
           0.950       0.949         3212.372       3211.855
           0.900       0.903         3233.600       3234.110
           0.800       0.784         3259.311       3257.006
           0.700       0.694         3277.846       3276.564
           0.500       0.505         3308.488       3309.237
           0.300       0.293         3339.130       3337.519
           0.200       0.210         3357.665       3359.699
           0.100       0.111         3383.376       3386.783
           0.050       0.053         3404.604       3405.596
           0.020       0.020         3428.492       3425.887
           0.010       0.008         3444.421       3442.137



MODEL RESULTS

                              ESTIMATES              S. E.     M. S. E.  95%  % Sig
                 Population   Average   Std. Dev.   Average             Cover Coeff

Within Level

 Means
  TIME01              0.500     0.4999     0.0111     0.0108     0.0001 0.938 1.000

 Variances
  TIME01              0.094     0.0938     0.0046     0.0047     0.0000 0.947 1.000

 Residual Variances
  INTIM               1.693     1.6952     0.0897     0.0905     0.0081 0.951 1.000

Between Level

 SLOPE      ON
  TX                  0.921     0.9116     0.5075     0.4983     0.2574 0.943 0.445

 INTIM      ON
  TX                 -0.056    -0.0562     0.3026     0.2928     0.0915 0.931 0.075

 INTIM    WITH
  SLOPE              -0.462    -0.4203     0.2841     0.2842     0.0824 0.912 0.236

 Means
  TX                  0.500     0.5020     0.0722     0.0693     0.0052 0.938 1.000

 Intercepts
  INTIM               2.899     2.8941     0.2185     0.2052     0.0477 0.941 1.000
  SLOPE               0.735     0.7504     0.3569     0.3490     0.1275 0.945 0.570

 Variances
  TX                  0.250     0.2423     0.0491     0.0485     0.0025 0.914 1.000

 Residual Variances
  INTIM               0.637     0.5880     0.1974     0.2025     0.0413 0.906 0.952
  SLOPE               1.752     1.6591     0.5671     0.5853     0.3299 0.914 0.937


QUALITY OF NUMERICAL RESULTS

     Average Condition Number for the Information Matrix      0.308E-04
       (ratio of smallest to largest eigenvalue)


TECHNICAL 1 OUTPUT


     PARAMETER SPECIFICATION FOR WITHIN


           NU
              INTIM         TIME01
              ________      ________
                    0             0


           LAMBDA
              INTIM         TIME01
              ________      ________
 INTIM              0             0
 TIME01             0             0


           THETA
              INTIM         TIME01
              ________      ________
 INTIM              0
 TIME01             0             0


           ALPHA
              INTIM         TIME01
              ________      ________
                    0             1


           BETA
              INTIM         TIME01
              ________      ________
 INTIM              0             0
 TIME01             0             0


           PSI
              INTIM         TIME01
              ________      ________
 INTIM              2
 TIME01             0             3


     PARAMETER SPECIFICATION FOR BETWEEN


           NU
              TX            INTIM
              ________      ________
                    0             0


           LAMBDA
              SLOPE         TX            INTIM
              ________      ________      ________
 TX                 0             0             0
 INTIM              0             0             0


           THETA
              TX            INTIM
              ________      ________
 TX                 0
 INTIM              0             0


           ALPHA
              SLOPE         TX            INTIM
              ________      ________      ________
                    4             5             6


           BETA
              SLOPE         TX            INTIM
              ________      ________      ________
 SLOPE              0             7             0
 TX                 0             0             0
 INTIM              0             8             0


           PSI
              SLOPE         TX            INTIM
              ________      ________      ________
 SLOPE              9
 TX                 0            10
 INTIM             11             0            12


     STARTING VALUES FOR WITHIN


           NU
              INTIM         TIME01
              ________      ________
                0.000         0.000


           LAMBDA
              INTIM         TIME01
              ________      ________
 INTIM          1.000         0.000
 TIME01         0.000         1.000


           THETA
              INTIM         TIME01
              ________      ________
 INTIM          0.000
 TIME01         0.000         0.000


           ALPHA
              INTIM         TIME01
              ________      ________
                0.000         0.500


           BETA
              INTIM         TIME01
              ________      ________
 INTIM          0.000         0.000
 TIME01         0.000         0.000


           PSI
              INTIM         TIME01
              ________      ________
 INTIM          1.693
 TIME01         0.000         0.094


     STARTING VALUES FOR BETWEEN


           NU
              TX            INTIM
              ________      ________
                0.000         0.000


           LAMBDA
              SLOPE         TX            INTIM
              ________      ________      ________
 TX             0.000         1.000         0.000
 INTIM          0.000         0.000         1.000


           THETA
              TX            INTIM
              ________      ________
 TX             0.000
 INTIM          0.000         0.000


           ALPHA
              SLOPE         TX            INTIM
              ________      ________      ________
                0.735         0.500         2.899


           BETA
              SLOPE         TX            INTIM
              ________      ________      ________
 SLOPE          0.000         0.921         0.000
 TX             0.000         0.000         0.000
 INTIM          0.000        -0.056         0.000


           PSI
              SLOPE         TX            INTIM
              ________      ________      ________
 SLOPE          1.752
 TX             0.000         0.250
 INTIM         -0.462         0.000         0.637


     POPULATION VALUES FOR WITHIN


           NU
              INTIM         TIME01
              ________      ________
                0.000         0.000


           LAMBDA
              INTIM         TIME01
              ________      ________
 INTIM          1.000         0.000
 TIME01         0.000         1.000


           THETA
              INTIM         TIME01
              ________      ________
 INTIM          0.000
 TIME01         0.000         0.000


           ALPHA
              INTIM         TIME01
              ________      ________
                0.000         0.500


           BETA
              INTIM         TIME01
              ________      ________
 INTIM          0.000         0.000
 TIME01         0.000         0.000


           PSI
              INTIM         TIME01
              ________      ________
 INTIM          1.693
 TIME01         0.000         0.094


     POPULATION VALUES FOR BETWEEN


           NU
              TX            INTIM
              ________      ________
                0.000         0.000


           LAMBDA
              SLOPE         TX            INTIM
              ________      ________      ________
 TX             0.000         1.000         0.000
 INTIM          0.000         0.000         1.000


           THETA
              TX            INTIM
              ________      ________
 TX             0.000
 INTIM          0.000         0.000


           ALPHA
              SLOPE         TX            INTIM
              ________      ________      ________
                0.735         0.500         2.899


           BETA
              SLOPE         TX            INTIM
              ________      ________      ________
 SLOPE          0.000         0.921         0.000
 TX             0.000         0.000         0.000
 INTIM          0.000        -0.056         0.000


           PSI
              SLOPE         TX            INTIM
              ________      ________      ________
 SLOPE          1.752
 TX             0.000         0.250
 INTIM         -0.462         0.000         0.637


TECHNICAL 9 OUTPUT

  Error messages for each replication (if any)



DIAGRAM INFORMATION

  Mplus diagrams are currently not available for multilevel analysis.
  No diagram output was produced.


     Beginning Time:  11:18:46
        Ending Time:  11:19:11
       Elapsed Time:  00:00:25



MUTHEN & MUTHEN
3463 Stoner Ave.
Los Angeles, CA  90066

Tel: (310) 391-9971
Fax: (310) 391-8971
Web: www.StatModel.com
Support: Support@StatModel.com

Copyright (c) 1998-2021 Muthen & Muthen
