Mplus VERSION 8.6
MUTHEN & MUTHEN
06/22/2021  10:50 AM

INPUT INSTRUCTIONS

  MONTECARLO:	
          NAMES ARE mrelsat1 mtrust1 ftrust1;
  		NOBSERVATIONS = 245;
  		SEED = 5859;
  		NREPS = 1000;
  ANALYSIS:
          MODEL POPULATION:
          mrelsat1 ON mtrust1@2.132;
          mrelsat1 ON ftrust1@0.958;
          ftrust1 WITH mtrust1*0.112;
          [ mrelsat1*30.852 ];
          [ mtrust1*0 ];
          [ ftrust1*0 ];
          mrelsat1*15.664;
          mtrust1*0.610;
          ftrust1*0.575;
  MODEL:		
          mrelsat1 ON mtrust1*2.132;
          mrelsat1 ON ftrust1*0.958;
          ftrust1 WITH mtrust1*0.112;
          [ mrelsat1*30.852 ];
          [ mtrust1*0 ];
          [ ftrust1*0 ];
          mrelsat1*15.664;
          mtrust1*0.610;
          ftrust1*0.575;
  OUTPUT:	SAMPSTAT TECH9;



INPUT READING TERMINATED NORMALLY




SUMMARY OF ANALYSIS

Number of groups                                                 1
Number of observations                                         245

Number of replications
    Requested                                                 1000
    Completed                                                 1000
Value of seed                                                 5859

Number of dependent variables                                    1
Number of independent variables                                  2
Number of continuous latent variables                            0

Observed dependent variables

  Continuous
   MRELSAT1

Observed independent variables
   MTRUST1     FTRUST1


Estimator                                                       ML
Information matrix                                        OBSERVED
Maximum number of iterations                                  1000
Convergence criterion                                    0.500D-04
Maximum number of steepest descent iterations                   20



SAMPLE STATISTICS FOR THE FIRST REPLICATION


     SAMPLE STATISTICS


           Means
              MRELSAT1      MTRUST1       FTRUST1
              ________      ________      ________
               31.197         0.030        -0.066


           Covariances
              MRELSAT1      MTRUST1       FTRUST1
              ________      ________      ________
 MRELSAT1      17.497
 MTRUST1        0.888         0.456
 FTRUST1        0.939         0.107         0.538


           Correlations
              MRELSAT1      MTRUST1       FTRUST1
              ________      ________      ________
 MRELSAT1       1.000
 MTRUST1        0.314         1.000
 FTRUST1        0.306         0.217         1.000


MODEL FIT INFORMATION

Number of Free Parameters                        9

Loglikelihood

    H0 Value

        Mean                             -1242.953
        Std Dev                             18.980
        Number of successful computations     1000

             Proportions                   Percentiles
        Expected    Observed         Expected       Observed
           0.990       0.987        -1287.107      -1289.050
           0.980       0.974        -1281.933      -1284.669
           0.950       0.948        -1274.174      -1275.203
           0.900       0.905        -1267.278      -1266.867
           0.800       0.810        -1258.927      -1258.322
           0.700       0.699        -1252.906      -1252.931
           0.500       0.499        -1242.953      -1243.078
           0.300       0.297        -1233.000      -1233.159
           0.200       0.201        -1226.979      -1226.912
           0.100       0.094        -1218.628      -1219.666
           0.050       0.044        -1211.732      -1213.304
           0.020       0.019        -1203.973      -1205.078
           0.010       0.012        -1198.799      -1198.290

    H1 Value

        Mean                             -1242.953
        Std Dev                             18.980
        Number of successful computations     1000

             Proportions                   Percentiles
        Expected    Observed         Expected       Observed
           0.990       0.987        -1287.107      -1289.050
           0.980       0.974        -1281.933      -1284.669
           0.950       0.948        -1274.174      -1275.203
           0.900       0.905        -1267.278      -1266.867
           0.800       0.810        -1258.927      -1258.322
           0.700       0.699        -1252.906      -1252.931
           0.500       0.499        -1242.953      -1243.078
           0.300       0.297        -1233.000      -1233.159
           0.200       0.201        -1226.979      -1226.912
           0.100       0.094        -1218.628      -1219.666
           0.050       0.044        -1211.732      -1213.304
           0.020       0.019        -1203.973      -1205.078
           0.010       0.012        -1198.799      -1198.290

Information Criteria

    Akaike (AIC)

        Mean                              2503.906
        Std Dev                             37.961
        Number of successful computations     1000

             Proportions                   Percentiles
        Expected    Observed         Expected       Observed
           0.990       0.988         2415.598       2414.164
           0.980       0.981         2425.946       2426.046
           0.950       0.956         2441.464       2444.522
           0.900       0.906         2455.255       2456.835
           0.800       0.799         2471.958       2471.740
           0.700       0.703         2483.999       2484.226
           0.500       0.501         2503.906       2504.033
           0.300       0.301         2523.813       2523.828
           0.200       0.190         2535.854       2534.571
           0.100       0.095         2552.556       2550.504
           0.050       0.052         2566.348       2567.772
           0.020       0.026         2581.866       2585.613
           0.010       0.013         2592.214       2594.954

    Bayesian (BIC)

        Mean                              2535.417
        Std Dev                             37.961
        Number of successful computations     1000

             Proportions                   Percentiles
        Expected    Observed         Expected       Observed
           0.990       0.988         2447.109       2445.676
           0.980       0.981         2457.457       2457.557
           0.950       0.956         2472.976       2476.033
           0.900       0.906         2486.767       2488.346
           0.800       0.799         2503.469       2503.251
           0.700       0.703         2515.511       2515.737
           0.500       0.501         2535.417       2535.545
           0.300       0.301         2555.324       2555.339
           0.200       0.190         2567.365       2566.083
           0.100       0.095         2584.068       2582.015
           0.050       0.052         2597.859       2599.283
           0.020       0.026         2613.377       2617.125
           0.010       0.013         2623.725       2626.466

    Sample-Size Adjusted BIC (n* = (n + 2) / 24)

        Mean                              2506.888
        Std Dev                             37.961
        Number of successful computations     1000

             Proportions                   Percentiles
        Expected    Observed         Expected       Observed
           0.990       0.988         2418.580       2417.146
           0.980       0.981         2428.928       2429.028
           0.950       0.956         2444.446       2447.504
           0.900       0.906         2458.237       2459.817
           0.800       0.799         2474.940       2474.722
           0.700       0.703         2486.981       2487.208
           0.500       0.501         2506.888       2507.015
           0.300       0.301         2526.795       2526.810
           0.200       0.190         2538.836       2537.553
           0.100       0.095         2555.538       2553.486
           0.050       0.052         2569.330       2570.754
           0.020       0.026         2584.848       2588.595
           0.010       0.013         2595.196       2597.936

Chi-Square Test of Model Fit

        Degrees of freedom                       0

        Mean                                 0.000
        Std Dev                              0.000
        Number of successful computations     1000

             Proportions                   Percentiles
        Expected    Observed         Expected       Observed
           0.990       1.000            0.000          0.000
           0.980       1.000            0.000          0.000
           0.950       1.000            0.000          0.000
           0.900       1.000            0.000          0.000
           0.800       1.000            0.000          0.000
           0.700       1.000            0.000          0.000
           0.500       1.000            0.000          0.000
           0.300       1.000            0.000          0.000
           0.200       1.000            0.000          0.000
           0.100       1.000            0.000          0.000
           0.050       1.000            0.000          0.000
           0.020       1.000            0.000          0.000
           0.010       1.000            0.000          0.000

RMSEA (Root Mean Square Error Of Approximation)

        Mean                                 0.000
        Std Dev                              0.000
        Number of successful computations     1000

        Cumulative Distribution Function
           Value    Function Value
           0.990       1.000
           0.980       1.000
           0.950       1.000
           0.900       1.000
           0.800       1.000
           0.700       1.000
           0.500       1.000
           0.300       1.000
           0.200       1.000
           0.100       1.000
           0.050       1.000
           0.020       1.000
           0.010       1.000

CFI/TLI

    CFI

        Mean                                 1.000
        Std Dev                              0.000
        Number of successful computations     1000

        Cumulative Distribution Function
           Value    Function Value
           0.990       0.000
           0.980       0.000
           0.950       0.000
           0.900       0.000
           0.800       0.000
           0.700       0.000
           0.500       0.000
           0.300       0.000
           0.200       0.000
           0.100       0.000
           0.050       0.000
           0.020       0.000
           0.010       0.000

    TLI

        Mean                                 1.000
        Std Dev                              0.000
        Number of successful computations     1000

        Cumulative Distribution Function
           Value    Function Value
           0.990       0.000
           0.980       0.000
           0.950       0.000
           0.900       0.000
           0.800       0.000
           0.700       0.000
           0.500       0.000
           0.300       0.000
           0.200       0.000
           0.100       0.000
           0.050       0.000
           0.020       0.000
           0.010       0.000

SRMR (Standardized Root Mean Square Residual)

        Mean                                 0.000
        Std Dev                              0.000
        Number of successful computations     1000

        Cumulative Distribution Function
           Value    Function Value
           0.990       1.000
           0.980       1.000
           0.950       1.000
           0.900       1.000
           0.800       1.000
           0.700       1.000
           0.500       1.000
           0.300       1.000
           0.200       1.000
           0.100       1.000
           0.050       1.000
           0.020       1.000
           0.010       1.000


MODEL RESULTS

                              ESTIMATES              S. E.     M. S. E.  95%  % Sig
                 Population   Average   Std. Dev.   Average             Cover Coeff

 MRELSAT1 ON
  MTRUST1             2.132     2.1449     0.3207     0.3297     0.1029 0.958 1.000
  FTRUST1             0.958     0.9453     0.3438     0.3394     0.1182 0.946 0.798

 FTRUST1  WITH
  MTRUST1             0.112     0.1141     0.0383     0.0384     0.0015 0.963 0.861

 Means
  MTRUST1             0.000     0.0018     0.0522     0.0498     0.0027 0.935 0.065
  FTRUST1             0.000     0.0002     0.0486     0.0484     0.0024 0.951 0.049

 Intercepts
  MRELSAT1           30.852    30.8388     0.2443     0.2521     0.0598 0.953 1.000

 Variances
  MTRUST1             0.610     0.6085     0.0555     0.0550     0.0031 0.946 1.000
  FTRUST1             0.575     0.5740     0.0505     0.0519     0.0026 0.948 1.000

 Residual Variances
  MRELSAT1           15.664    15.4738     1.4145     1.3981     2.0350 0.937 1.000


QUALITY OF NUMERICAL RESULTS

     Average Condition Number for the Information Matrix      0.240E-02
       (ratio of smallest to largest eigenvalue)


TECHNICAL OUTPUT


     PARAMETER SPECIFICATION


           NU
              MRELSAT1      MTRUST1       FTRUST1
              ________      ________      ________
                  0             0             0


           LAMBDA
              MRELSAT1      MTRUST1       FTRUST1
              ________      ________      ________
 MRELSAT1           0             0             0
 MTRUST1            0             0             0
 FTRUST1            0             0             0


           THETA
              MRELSAT1      MTRUST1       FTRUST1
              ________      ________      ________
 MRELSAT1           0
 MTRUST1            0             0
 FTRUST1            0             0             0


           ALPHA
              MRELSAT1      MTRUST1       FTRUST1
              ________      ________      ________
                  1             2             3


           BETA
              MRELSAT1      MTRUST1       FTRUST1
              ________      ________      ________
 MRELSAT1           0             4             5
 MTRUST1            0             0             0
 FTRUST1            0             0             0


           PSI
              MRELSAT1      MTRUST1       FTRUST1
              ________      ________      ________
 MRELSAT1           6
 MTRUST1            0             7
 FTRUST1            0             8             9


     STARTING VALUES


           NU
              MRELSAT1      MTRUST1       FTRUST1
              ________      ________      ________
                0.000         0.000         0.000


           LAMBDA
              MRELSAT1      MTRUST1       FTRUST1
              ________      ________      ________
 MRELSAT1       1.000         0.000         0.000
 MTRUST1        0.000         1.000         0.000
 FTRUST1        0.000         0.000         1.000


           THETA
              MRELSAT1      MTRUST1       FTRUST1
              ________      ________      ________
 MRELSAT1       0.000
 MTRUST1        0.000         0.000
 FTRUST1        0.000         0.000         0.000


           ALPHA
              MRELSAT1      MTRUST1       FTRUST1
              ________      ________      ________
               30.852         0.000         0.000


           BETA
              MRELSAT1      MTRUST1       FTRUST1
              ________      ________      ________
 MRELSAT1       0.000         2.132         0.958
 MTRUST1        0.000         0.000         0.000
 FTRUST1        0.000         0.000         0.000


           PSI
              MRELSAT1      MTRUST1       FTRUST1
              ________      ________      ________
 MRELSAT1      15.664
 MTRUST1        0.000         0.610
 FTRUST1        0.000         0.112         0.575


     POPULATION VALUES


           NU
              MRELSAT1      MTRUST1       FTRUST1
              ________      ________      ________
                0.000         0.000         0.000


           LAMBDA
              MRELSAT1      MTRUST1       FTRUST1
              ________      ________      ________
 MRELSAT1       1.000         0.000         0.000
 MTRUST1        0.000         1.000         0.000
 FTRUST1        0.000         0.000         1.000


           THETA
              MRELSAT1      MTRUST1       FTRUST1
              ________      ________      ________
 MRELSAT1       0.000
 MTRUST1        0.000         0.000
 FTRUST1        0.000         0.000         0.000


           ALPHA
              MRELSAT1      MTRUST1       FTRUST1
              ________      ________      ________
               30.852         0.000         0.000


           BETA
              MRELSAT1      MTRUST1       FTRUST1
              ________      ________      ________
 MRELSAT1       0.000         2.132         0.958
 MTRUST1        0.000         0.000         0.000
 FTRUST1        0.000         0.000         0.000


           PSI
              MRELSAT1      MTRUST1       FTRUST1
              ________      ________      ________
 MRELSAT1      15.664
 MTRUST1        0.000         0.610
 FTRUST1        0.000         0.112         0.575


TECHNICAL 9 OUTPUT

  Error messages for each replication (if any)



DIAGRAM INFORMATION

  Mplus diagrams are currently not available for Monte Carlo analysis.
  No diagram output was produced.


     Beginning Time:  10:50:02
        Ending Time:  10:50:04
       Elapsed Time:  00:00:02



MUTHEN & MUTHEN
3463 Stoner Ave.
Los Angeles, CA  90066

Tel: (310) 391-9971
Fax: (310) 391-8971
Web: www.StatModel.com
Support: Support@StatModel.com

Copyright (c) 1998-2021 Muthen & Muthen
