Mplus VERSION 8.6
MUTHEN & MUTHEN
06/24/2021  10:02 AM

INPUT INSTRUCTIONS

  TITLE:    AILD Workshop Ch. 3 Process (Daily Conflict and Intimacy Example);
  DATA:     FILE IS processdata.dat;
  VARIABLE: NAMES ARE id conflict time time7c intimacy conflictb conflictw
                       relqual relqualrev;
            USEVAR ARE time7c intimacy conflictw conflictb relqual confbrq;
            WITHIN = conflictw time7c;
            BETWEEN = relqual conflictb confbrq;
            CLUSTER = id;
  DEFINE:   confbrq=conflictb*relqual;
            CENTER conflictb (grandmean);
  ANALYSIS: TYPE = TWOLEVEL RANDOM;
            ESTIMATOR=bayes; !ml;
  MODEL:    %WITHIN%
            confslp | intimacy on conflictw;
            intimacy on time7c;
            %BETWEEN%
            intimacy with confslp;
            intimacy on conflictb confbrq;
            intimacy confslp on relqual;
  OUTPUT:   sampstat cinterval;



*** WARNING in VARIABLE command
  Note that only the first 8 characters of variable names are used in the output.
  Shorten variable names to avoid any confusion.
*** WARNING
  One or more individual-level variables have no variation within a
  cluster for the following clusters.

     Variable   Cluster IDs with no within-cluster variation

      CONFLICT    20 22 57 64

*** WARNING in OUTPUT command
  SAMPSTAT option is not available for ESTIMATOR=BAYES.  Use TYPE=BASIC.
  Request for SAMPSTAT is ignored.
   3 WARNING(S) FOUND IN THE INPUT INSTRUCTIONS



AILD Workshop Ch. 3 Process (Daily Conflict and Intimacy Example);

SUMMARY OF ANALYSIS

Number of groups                                                 1
Number of observations                                        1848

Number of dependent variables                                    1
Number of independent variables                                  5
Number of continuous latent variables                            1

Observed dependent variables

  Continuous
   INTIMACY

Observed independent variables
   TIME7C      CONFLICT    CONFLICT    RELQUAL     CONFBRQ

Continuous latent variables
   CONFSLP

Variables with special functions

  Cluster variable      ID

  Within variables
   TIME7C      CONFLICT

  Between variables
   CONFLICT    RELQUAL     CONFBRQ

  Centering (GRANDMEAN)
   CONFLICT


Estimator                                                    BAYES
Specifications for Bayesian Estimation
  Point estimate                                            MEDIAN
  Number of Markov chain Monte Carlo (MCMC) chains               2
  Random seed for the first chain                                0
  Starting value information                           UNPERTURBED
  Algorithm used for Markov chain Monte Carlo           GIBBS(PX1)
  Convergence criterion                                  0.500D-01
  Maximum number of iterations                               50000
  K-th iteration used for thinning                               1

Input data file(s)
  processdata.dat
Input data format  FREE


SUMMARY OF DATA

     Number of clusters                         66

       Size (s)    Cluster ID with Size s

         28        1 2 3 4 5 6 7 8 9 10 11 12 13 14 15 16 17 18 19 20 21
                   22 23 24 25 26 27 28 29 30 31 32 33 34 35 36 37 38 39
                   40 41 42 43 44 45 46 47 48 49 50 51 52 53 54 55 56 57
                   58 59 60 61 62 63 64 65 66




UNIVARIATE SAMPLE STATISTICS


     UNIVARIATE HIGHER-ORDER MOMENT DESCRIPTIVE STATISTICS

         Variable/         Mean/     Skewness/   Minimum/ % with                Percentiles
        Sample Size      Variance    Kurtosis    Maximum  Min/Max      20%/60%    40%/80%    Median

     INTIMACY              4.821      -0.019       0.000    2.38%       2.850      4.260      4.845
            1848.000       5.188      -0.493      10.000    1.14%       5.410      6.820
     TIME7C                0.000       0.000      -1.929    3.57%      -1.214     -0.357      0.000
            1848.000       1.332      -1.203       1.929    3.57%       0.357      1.214
     CONFLICTW             0.000       1.045      -0.643    0.54%      -0.286     -0.143     -0.107
            1848.000       0.146       0.042       0.964    0.22%      -0.071      0.429
     CONFLICTB             0.000       0.752      -0.221    6.06%      -0.150     -0.078     -0.043
              66.000       0.027      -0.344       0.422    1.52%      -0.007      0.136
     RELQUAL               0.606      -0.434       0.000   39.39%       0.000      0.000      1.000
              66.000       0.239      -1.812       1.000   60.61%       1.000      1.000
     CONFBRQ               0.093       1.776       0.000   43.94%       0.000      0.000      0.071
              66.000       0.014       4.018       0.607    1.52%       0.107      0.179


THE MODEL ESTIMATION TERMINATED NORMALLY

     USE THE FBITERATIONS OPTION TO INCREASE THE NUMBER OF ITERATIONS BY A FACTOR
     OF AT LEAST TWO TO CHECK CONVERGENCE AND THAT THE PSR VALUE DOES NOT INCREASE.



MODEL FIT INFORMATION

Number of Free Parameters                              11

Information Criteria

          Deviance (DIC)                         7709.722
          Estimated Number of Parameters (pD)     103.349



MODEL RESULTS

                                Posterior  One-Tailed         95% C.I.
                    Estimate       S.D.      P-Value   Lower 2.5%  Upper 2.5%  Significance

Within Level

 INTIMACY   ON
    TIME7C            -0.028       0.039      0.240      -0.101       0.051

 Residual Variances
    INTIMACY           3.599       0.127      0.000       3.382       3.888      *

Between Level

 CONFSLP    ON
    RELQUAL            0.954       0.542      0.030      -0.063       2.030

 INTIMACY   ON
    CONFLICTB         -0.706       1.090      0.210      -3.127       1.320
    CONFBRQ            2.482       1.633      0.045      -0.835       5.711
    RELQUAL            0.160       0.461      0.380      -0.817       0.922

 INTIMACY WITH
    CONFSLP            0.362       0.321      0.075      -0.159       1.140

 Intercepts
    INTIMACY           4.523       0.223      0.000       4.048       4.977      *
    CONFSLP           -2.005       0.412      0.000      -2.889      -1.137      *

 Residual Variances
    INTIMACY           0.844       0.182      0.000       0.570       1.268      *
    CONFSLP            3.083       0.806      0.000       1.959       4.952      *


CREDIBILITY INTERVALS OF MODEL RESULTS

                  Lower .5%  Lower 2.5%    Lower 5%    Estimate    Upper 5%  Upper 2.5%   Upper .5%

Within Level

 INTIMACY ON
    TIME7C          -0.134      -0.101      -0.092      -0.028       0.039       0.051       0.076

 Residual Variances
    INTIMACY         3.228       3.382       3.407       3.599       3.836       3.888       3.928

Between Level

 CONFSLP  ON
    RELQUAL         -0.430      -0.063       0.213       0.954       1.885       2.030       2.695

 INTIMACY ON
    CONFLICTB       -3.609      -3.127      -2.647      -0.706       0.999       1.320       2.080
    CONFBRQ         -1.483      -0.835       0.058       2.482       5.091       5.711       6.485
    RELQUAL         -1.130      -0.817      -0.705       0.160       0.871       0.922       1.224

 INTIMACY WITH
    CONFSLP         -0.435      -0.159      -0.026       0.362       0.960       1.140       1.351

 Intercepts
    INTIMACY         3.953       4.048       4.159       4.523       4.916       4.977       5.037
    CONFSLP         -3.082      -2.889      -2.726      -2.005      -1.300      -1.137      -0.872

 Residual Variances
    INTIMACY         0.500       0.570       0.629       0.844       1.224       1.268       1.395
    CONFSLP          1.523       1.959       2.132       3.083       4.607       4.952       5.404


DIAGRAM INFORMATION

  Mplus diagrams are currently not available for multilevel analysis.
  No diagram output was produced.


     Beginning Time:  10:02:30
        Ending Time:  10:02:30
       Elapsed Time:  00:00:00



MUTHEN & MUTHEN
3463 Stoner Ave.
Los Angeles, CA  90066

Tel: (310) 391-9971
Fax: (310) 391-8971
Web: www.StatModel.com
Support: Support@StatModel.com

Copyright (c) 1998-2021 Muthen & Muthen
