Mplus VERSION 8.6
MUTHEN & MUTHEN
06/14/2021   9:43 AM

INPUT INSTRUCTIONS

  TITLE:    AILD Workshop Ch. 5 Psychometrics (Breast Cancer and Positive Affect Example);
  DATA:     FILE IS psychometrics.dat;
  VARIABLE: NAMES ARE personid time item1 item2 item3 item4; !Positive affect items
            USEVAR = item1 item2 item3 item4 time;
            WITHIN = time;
            CLUSTER = personid;
            missing are all (-999);
  ANALYSIS: TYPE = TWOLEVEL;
            PROCESSORS=4;
  MODEL:    %WITHIN%
              PAw by
              item1* (a)
              item2 item3 item4 (b-d);
              item1 item2 item3 item4 (e-h);
              PAw@1;
              item1 item2 item3 item4 on time;
            %BETWEEN%
              item1 item2 item3 item4 with item1 item2 item3 item4; !Saturated at between
            MODEL CONSTRAINT:
              new (omegaw);
              omegaw=((a+b+c+d)**2)/(((a+b+c+d)**2) + (e+f+g+h));
  OUTPUT:   sampstat stdyx;






*** WARNING
  One or more individual-level variables have no variation within a
  cluster for the following clusters.

     Variable   Cluster IDs with no within-cluster variation

      ITEM2       409 501 431
      ITEM3       463 451 351
      ITEM4       423 471 447 451 351

*** WARNING
  Data set contains cases with missing on all variables except
  x-variables.  These cases were not included in the analysis.
  Number of cases with missing on all variables except x-variables:  45
   2 WARNING(S) FOUND IN THE INPUT INSTRUCTIONS



AILD Workshop Ch. 5 Psychometrics (Breast Cancer and Positive Affect Example);

SUMMARY OF ANALYSIS

Number of groups                                                 1
Number of observations                                         455

Number of dependent variables                                    4
Number of independent variables                                  1
Number of continuous latent variables                            1

Observed dependent variables

  Continuous
   ITEM1       ITEM2       ITEM3       ITEM4

Observed independent variables
   TIME

Continuous latent variables
   PAW

Variables with special functions

  Cluster variable      PERSONID

  Within variables
   TIME


Estimator                                                      MLR
Information matrix                                        OBSERVED
Maximum number of iterations                                   100
Convergence criterion                                    0.100D-05
Maximum number of EM iterations                                500
Convergence criteria for the EM algorithm
  Loglikelihood change                                   0.100D-02
  Relative loglikelihood change                          0.100D-05
  Derivative                                             0.100D-03
Minimum variance                                         0.100D-03
Maximum number of steepest descent iterations                   20
Maximum number of iterations for H1                           2000
Convergence criterion for H1                             0.100D-03
Optimization algorithm                                         EMA

Input data file(s)
  psychometrics.dat
Input data format  FREE


SUMMARY OF DATA

     Number of missing data patterns             6
     Number of clusters                         50

     Average cluster size        9.100

     Estimated Intraclass Correlations for the Y Variables

                Intraclass              Intraclass              Intraclass
     Variable  Correlation   Variable  Correlation   Variable  Correlation

     ITEM1        0.471      ITEM2        0.541      ITEM3        0.456
     ITEM4        0.488



COVARIANCE COVERAGE OF DATA

Minimum covariance coverage value   0.100


     PROPORTION OF DATA PRESENT


           Covariance Coverage
              ITEM1         ITEM2         ITEM3         ITEM4         TIME
              ________      ________      ________      ________      ________
 ITEM1          0.989
 ITEM2          0.987         0.996
 ITEM3          0.974         0.982         0.982
 ITEM4          0.982         0.989         0.976         0.993
 TIME           0.989         0.996         0.982         0.993         1.000


SAMPLE STATISTICS

NOTE:  The sample statistics for within and between refer to the
       maximum-likelihood estimated within and between covariance
       matrices, respectively.


     ESTIMATED SAMPLE STATISTICS FOR WITHIN


           Means
              ITEM1         ITEM2         ITEM3         ITEM4         TIME
              ________      ________      ________      ________      ________
                0.000         0.000         0.000         0.000         5.457


           Covariances
              ITEM1         ITEM2         ITEM3         ITEM4         TIME
              ________      ________      ________      ________      ________
 ITEM1          0.501
 ITEM2          0.217         0.579
 ITEM3          0.287         0.275         0.609
 ITEM4          0.227         0.240         0.287         0.548
 TIME          -0.224        -0.066        -0.316         0.158         8.231


           Correlations
              ITEM1         ITEM2         ITEM3         ITEM4         TIME
              ________      ________      ________      ________      ________
 ITEM1          1.000
 ITEM2          0.402         1.000
 ITEM3          0.519         0.463         1.000
 ITEM4          0.433         0.427         0.497         1.000
 TIME          -0.110        -0.030        -0.141         0.075         1.000


     ESTIMATED SAMPLE STATISTICS FOR BETWEEN


           Means
              ITEM1         ITEM2         ITEM3         ITEM4         TIME
              ________      ________      ________      ________      ________
                2.429         2.763         2.273         2.274         0.000


           Covariances
              ITEM1         ITEM2         ITEM3         ITEM4         TIME
              ________      ________      ________      ________      ________
 ITEM1          0.446
 ITEM2          0.355         0.682
 ITEM3          0.387         0.436         0.511
 ITEM4          0.300         0.318         0.331         0.522
 TIME           0.000         0.000         0.000         0.000         0.000


           Correlations
              ITEM1         ITEM2         ITEM3         ITEM4         TIME
              ________      ________      ________      ________      ________
 ITEM1          1.000
 ITEM2          0.643         1.000
 ITEM3          0.811         0.739         1.000
 ITEM4          0.621         0.532         0.641         1.000
 TIME           0.000         0.000         0.000         0.000         0.000


     MAXIMUM LOG-LIKELIHOOD VALUE FOR THE UNRESTRICTED (H1) MODEL IS -1992.551


UNIVARIATE SAMPLE STATISTICS


     UNIVARIATE HIGHER-ORDER MOMENT DESCRIPTIVE STATISTICS

         Variable/         Mean/     Skewness/   Minimum/ % with                Percentiles
        Sample Size      Variance    Kurtosis    Maximum  Min/Max      20%/60%    40%/80%    Median

     ITEM1                 2.440       0.205       1.000   18.44%       2.000      2.000      2.000
             450.000       0.944      -0.526       5.000    1.56%       3.000      3.000
     ITEM2                 2.775       0.032       1.000   16.56%       2.000      3.000      3.000
             453.000       1.287      -0.742       5.000    6.40%       3.000      4.000
     ITEM3                 2.266       0.376       1.000   29.98%       1.000      2.000      2.000
             447.000       1.126      -0.739       5.000    1.79%       3.000      3.000
     ITEM4                 2.299       0.330       1.000   27.43%       1.000      2.000      2.000
             452.000       1.077      -0.680       5.000    1.77%       3.000      3.000
     TIME                  5.457       0.007       1.000   10.55%       2.000      4.000      5.000
             455.000       8.231      -1.219      10.000    9.67%       6.000      8.000


THE MODEL ESTIMATION TERMINATED NORMALLY



MODEL FIT INFORMATION

Number of Free Parameters                       26

Loglikelihood

          H0 Value                       -1992.752
          H0 Scaling Correction Factor      1.4966
            for MLR
          H1 Value                       -1992.551
          H1 Scaling Correction Factor      1.5257
            for MLR

Information Criteria

          Akaike (AIC)                    4037.504
          Bayesian (BIC)                  4144.632
          Sample-Size Adjusted BIC        4062.116
            (n* = (n + 2) / 24)

Chi-Square Test of Model Fit

          Value                              0.212*
          Degrees of Freedom                     2
          P-Value                           0.8996
          Scaling Correction Factor         1.9042
            for MLR

*   The chi-square value for MLM, MLMV, MLR, ULSMV, WLSM and WLSMV cannot be used
    for chi-square difference testing in the regular way.  MLM, MLR and WLSM
    chi-square difference testing is described on the Mplus website.  MLMV, WLSMV,
    and ULSMV difference testing is done using the DIFFTEST option.

RMSEA (Root Mean Square Error Of Approximation)

          Estimate                           0.000

CFI/TLI

          CFI                                1.000
          TLI                                1.000

Chi-Square Test of Model Fit for the Baseline Model

          Value                            297.857
          Degrees of Freedom                    16
          P-Value                           0.0000

SRMR (Standardized Root Mean Square Residual)

          Value for Within                   0.005
          Value for Between                  0.001



MODEL RESULTS

                                                    Two-Tailed
                    Estimate       S.E.  Est./S.E.    P-Value

Within Level

 PAW      BY
    ITEM1              0.466      0.039     11.915      0.000
    ITEM2              0.468      0.052      9.079      0.000
    ITEM3              0.588      0.045     13.206      0.000
    ITEM4              0.502      0.049     10.269      0.000

 ITEM1      ON
    TIME              -0.027      0.016     -1.655      0.098

 ITEM2      ON
    TIME              -0.008      0.020     -0.403      0.687

 ITEM3      ON
    TIME              -0.038      0.020     -1.962      0.050

 ITEM4      ON
    TIME               0.019      0.018      1.076      0.282

 Variances
    PAW                1.000      0.000    999.000    999.000

 Residual Variances
    ITEM1              0.278      0.029      9.428      0.000
    ITEM2              0.359      0.051      7.072      0.000
    ITEM3              0.251      0.032      7.846      0.000
    ITEM4              0.293      0.034      8.731      0.000

Between Level

 ITEM1    WITH
    ITEM2              0.355      0.084      4.234      0.000
    ITEM3              0.388      0.084      4.587      0.000
    ITEM4              0.300      0.081      3.720      0.000

 ITEM2    WITH
    ITEM3              0.436      0.106      4.129      0.000
    ITEM4              0.318      0.106      3.000      0.003

 ITEM3    WITH
    ITEM4              0.331      0.094      3.501      0.000

 Means
    ITEM1              2.577      0.128     20.157      0.000
    ITEM2              2.807      0.157     17.895      0.000
    ITEM3              2.483      0.136     18.305      0.000
    ITEM4              2.169      0.143     15.212      0.000

 Variances
    ITEM1              0.446      0.090      4.958      0.000
    ITEM2              0.682      0.130      5.261      0.000
    ITEM3              0.511      0.095      5.360      0.000
    ITEM4              0.522      0.095      5.516      0.000

New/Additional Parameters
    OMEGAW             0.776      0.023     33.924      0.000


QUALITY OF NUMERICAL RESULTS

     Condition Number for the Information Matrix              0.243E-04
       (ratio of smallest to largest eigenvalue)


STANDARDIZED MODEL RESULTS


STDYX Standardization

                                                    Two-Tailed
                    Estimate       S.E.  Est./S.E.    P-Value

Within Level

 PAW      BY
    ITEM1              0.659      0.037     17.840      0.000
    ITEM2              0.615      0.058     10.688      0.000
    ITEM3              0.753      0.035     21.438      0.000
    ITEM4              0.678      0.045     15.194      0.000

 ITEM1      ON
    TIME              -0.110      0.066     -1.671      0.095

 ITEM2      ON
    TIME              -0.030      0.075     -0.403      0.687

 ITEM3      ON
    TIME              -0.141      0.071     -1.980      0.048

 ITEM4      ON
    TIME               0.074      0.068      1.101      0.271

 Variances
    PAW                1.000      0.000    999.000    999.000

 Residual Variances
    ITEM1              0.554      0.047     11.863      0.000
    ITEM2              0.621      0.071      8.721      0.000
    ITEM3              0.412      0.048      8.523      0.000
    ITEM4              0.535      0.063      8.450      0.000

Between Level

 ITEM1    WITH
    ITEM2              0.643      0.089      7.215      0.000
    ITEM3              0.812      0.081     10.006      0.000
    ITEM4              0.621      0.108      5.754      0.000

 ITEM2    WITH
    ITEM3              0.738      0.098      7.534      0.000
    ITEM4              0.533      0.156      3.415      0.001

 ITEM3    WITH
    ITEM4              0.640      0.129      4.970      0.000

 Means
    ITEM1              3.858      0.411      9.382      0.000
    ITEM2              3.400      0.363      9.366      0.000
    ITEM3              3.473      0.400      8.683      0.000
    ITEM4              3.002      0.308      9.743      0.000

 Variances
    ITEM1              1.000      0.000    999.000    999.000
    ITEM2              1.000      0.000    999.000    999.000
    ITEM3              1.000      0.000    999.000    999.000
    ITEM4              1.000      0.000    999.000    999.000


R-SQUARE

Within Level

    Observed                                        Two-Tailed
    Variable        Estimate       S.E.  Est./S.E.    P-Value

    ITEM1              0.446      0.047      9.547      0.000
    ITEM2              0.379      0.071      5.326      0.000
    ITEM3              0.588      0.048     12.143      0.000
    ITEM4              0.465      0.063      7.354      0.000

Between Level


DIAGRAM INFORMATION

  Mplus diagrams are currently not available for multilevel analysis.
  No diagram output was produced.


     Beginning Time:  09:43:15
        Ending Time:  09:43:15
       Elapsed Time:  00:00:00



MUTHEN & MUTHEN
3463 Stoner Ave.
Los Angeles, CA  90066

Tel: (310) 391-9971
Fax: (310) 391-8971
Web: www.StatModel.com
Support: Support@StatModel.com

Copyright (c) 1998-2021 Muthen & Muthen
