Mplus VERSION 8.6
MUTHEN & MUTHEN
07/08/2021  12:59 PM

INPUT INSTRUCTIONS

  TITLE:    Cross-sectional Regression Model;
  DATA:     FILE = relsatdata.txt; !Note that can also include path to data
  VARIABLE: NAMES = mrelsat1 frelsat1 mrelsat2 frelsat2 mtrust1 ftrust1;
            USEVAR = mrelsat1 mtrust1 ftrust1;
  DEFINE:   CENTER mtrust1 ftrust1 (grandmean);
  ANALYSIS: TYPE = GENERAL;
  MODEL:    mrelsat1 ON mtrust1 ftrust1;
            mtrust1 with ftrust1;
  OUTPUT:   SAMPSTAT CINTERVAL stdyx;! svalues; ! TECH1;
  PLOT:     TYPE=PLOT1; !For basic histograms and scatterplots

  !Exclamation point indicates a comment



INPUT READING TERMINATED NORMALLY



Cross-sectional Regression Model;

SUMMARY OF ANALYSIS

Number of groups                                                 1
Number of observations                                          90

Number of dependent variables                                    1
Number of independent variables                                  2
Number of continuous latent variables                            0

Observed dependent variables

  Continuous
   MRELSAT1

Observed independent variables
   MTRUST1     FTRUST1

Variables with special functions

  Centering (GRANDMEAN)
   MTRUST1     FTRUST1


Estimator                                                       ML
Information matrix                                        OBSERVED
Maximum number of iterations                                  1000
Convergence criterion                                    0.500D-04
Maximum number of steepest descent iterations                   20

Input data file(s)
  relsatdata.txt

Input data format  FREE


SAMPLE STATISTICS


     SAMPLE STATISTICS


           Means
              MRELSAT1      MTRUST1       FTRUST1
              ________      ________      ________
               30.852         0.000         0.000


           Covariances
              MRELSAT1      MTRUST1       FTRUST1
              ________      ________      ________
 MRELSAT1      19.425
 MTRUST1        1.409         0.610
 FTRUST1        0.790         0.112         0.575


           Correlations
              MRELSAT1      MTRUST1       FTRUST1
              ________      ________      ________
 MRELSAT1       1.000
 MTRUST1        0.409         1.000
 FTRUST1        0.236         0.189         1.000


UNIVARIATE SAMPLE STATISTICS


     UNIVARIATE HIGHER-ORDER MOMENT DESCRIPTIVE STATISTICS

         Variable/         Mean/     Skewness/   Minimum/ % with                Percentiles
        Sample Size      Variance    Kurtosis    Maximum  Min/Max      20%/60%    40%/80%    Median

     MRELSAT1             30.852      -0.247      20.295    1.11%      27.053     29.816     31.261
              90.000      19.425      -0.571      39.396    1.11%      32.339     34.560
     MTRUST1               0.000       0.254      -2.260    1.11%      -0.678     -0.304     -0.024
              90.000       0.610       0.250       1.905    1.11%       0.137      0.653
     FTRUST1               0.000      -0.089      -2.079    1.11%      -0.753     -0.224     -0.035
              90.000       0.575      -0.286       1.700    1.11%       0.231      0.591


THE MODEL ESTIMATION TERMINATED NORMALLY



MODEL FIT INFORMATION

Number of Free Parameters                        9

Loglikelihood

          H0 Value                        -458.191
          H1 Value                        -458.191

Information Criteria

          Akaike (AIC)                     934.381
          Bayesian (BIC)                   956.880
          Sample-Size Adjusted BIC         928.475
            (n* = (n + 2) / 24)

Chi-Square Test of Model Fit

          Value                              0.000
          Degrees of Freedom                     0
          P-Value                           0.0000

RMSEA (Root Mean Square Error Of Approximation)

          Estimate                           0.000
          90 Percent C.I.                    0.000  0.000
          Probability RMSEA <= .05           0.000

CFI/TLI

          CFI                                1.000
          TLI                                1.000

Chi-Square Test of Model Fit for the Baseline Model

          Value                             19.367
          Degrees of Freedom                     2
          P-Value                           0.0001

SRMR (Standardized Root Mean Square Residual)

          Value                              0.000



MODEL RESULTS

                                                    Two-Tailed
                    Estimate       S.E.  Est./S.E.    P-Value

 MRELSAT1 ON
    MTRUST1            2.132      0.544      3.921      0.000
    FTRUST1            0.958      0.560      1.710      0.087

 MTRUST1  WITH
    FTRUST1            0.112      0.064      1.764      0.078

 Means
    MTRUST1            0.000      0.082      0.000      1.000
    FTRUST1            0.000      0.080      0.000      1.000

 Intercepts
    MRELSAT1          30.852      0.417     73.951      0.000

 Variances
    MTRUST1            0.610      0.091      6.708      0.000
    FTRUST1            0.575      0.086      6.708      0.000

 Residual Variances
    MRELSAT1          15.664      2.335      6.708      0.000


QUALITY OF NUMERICAL RESULTS

     Condition Number for the Information Matrix              0.211E-02
       (ratio of smallest to largest eigenvalue)


STANDARDIZED MODEL RESULTS


STDYX Standardization

                                                    Two-Tailed
                    Estimate       S.E.  Est./S.E.    P-Value

 MRELSAT1 ON
    MTRUST1            0.378      0.090      4.211      0.000
    FTRUST1            0.165      0.095      1.729      0.084

 MTRUST1  WITH
    FTRUST1            0.189      0.102      1.863      0.063

 Means
    MTRUST1            0.000      0.105      0.000      1.000
    FTRUST1            0.000      0.105      0.000      1.000

 Intercepts
    MRELSAT1           7.000      0.530     13.201      0.000

 Variances
    MTRUST1            1.000      0.000    999.000    999.000
    FTRUST1            1.000      0.000    999.000    999.000

 Residual Variances
    MRELSAT1           0.806      0.075     10.780      0.000


R-SQUARE

    Observed                                        Two-Tailed
    Variable        Estimate       S.E.  Est./S.E.    P-Value

    MRELSAT1           0.194      0.075      2.588      0.010


CONFIDENCE INTERVALS OF MODEL RESULTS

                  Lower .5%  Lower 2.5%    Lower 5%    Estimate    Upper 5%  Upper 2.5%   Upper .5%

 MRELSAT1 ON
    MTRUST1          0.731       1.066       1.238       2.132       3.027       3.198       3.533
    FTRUST1         -0.485      -0.140       0.037       0.958       1.879       2.056       2.400

 MTRUST1  WITH
    FTRUST1         -0.052      -0.012       0.008       0.112       0.217       0.237       0.276

 Means
    MTRUST1         -0.212      -0.161      -0.135       0.000       0.135       0.161       0.212
    FTRUST1         -0.206      -0.157      -0.132       0.000       0.132       0.157       0.206

 Intercepts
    MRELSAT1        29.777      30.034      30.165      30.852      31.538      31.669      31.926

 Variances
    MTRUST1          0.376       0.432       0.461       0.610       0.760       0.788       0.845
    FTRUST1          0.355       0.407       0.434       0.575       0.717       0.744       0.796

 Residual Variances
    MRELSAT1         9.650      11.088      11.823      15.664      19.506      20.241      21.679


CONFIDENCE INTERVALS OF STANDARDIZED MODEL RESULTS


STDYX Standardization

                  Lower .5%  Lower 2.5%    Lower 5%    Estimate    Upper 5%  Upper 2.5%   Upper .5%

 MRELSAT1 ON
    MTRUST1          0.147       0.202       0.230       0.378       0.526       0.554       0.609
    FTRUST1         -0.081      -0.022       0.008       0.165       0.322       0.352       0.410

 MTRUST1  WITH
    FTRUST1         -0.072      -0.010       0.022       0.189       0.356       0.388       0.451

 Means
    MTRUST1         -0.272      -0.207      -0.173       0.000       0.173       0.207       0.272
    FTRUST1         -0.272      -0.207      -0.173       0.000       0.173       0.207       0.272

 Intercepts
    MRELSAT1         5.634       5.961       6.128       7.000       7.872       8.039       8.366

 Variances
    MTRUST1          1.000       1.000       1.000       1.000       1.000       1.000       1.000
    FTRUST1          1.000       1.000       1.000       1.000       1.000       1.000       1.000

 Residual Variances
    MRELSAT1         0.614       0.660       0.683       0.806       0.929       0.953       0.999


PLOT INFORMATION

The following plots are available:

  Histograms (sample values)
  Scatterplots (sample values)

DIAGRAM INFORMATION

  Use View Diagram under the Diagram menu in the Mplus Editor to view the diagram.
  If running Mplus from the Mplus Diagrammer, the diagram opens automatically.

  Diagram output
    c:\users\jlaur\dropbox\niall&j-p\curran-bauer analytics\a-final-copiesofslidesforpresentation\aild mplus demos (2021

     Beginning Time:  12:59:55
        Ending Time:  12:59:55
       Elapsed Time:  00:00:00



MUTHEN & MUTHEN
3463 Stoner Ave.
Los Angeles, CA  90066

Tel: (310) 391-9971
Fax: (310) 391-8971
Web: www.StatModel.com
Support: Support@StatModel.com

Copyright (c) 1998-2021 Muthen & Muthen
