Mplus VERSION 8.7
MUTHEN & MUTHEN
12/16/2021   8:16 AM

INPUT INSTRUCTIONS

  TITLE:    Extension of Dyads (Work-to-Home Stress Example);
  DATA:     FILE IS dyadsdata.dat;
  VARIABLE: NAMES ARE coupleid personid time time7c freldis fwrkstrs fwrkstrsc
            fwrkstrscb fwrkstrscw mreldis mwrkstrs mwrkstrsc mwrkstrscb mwrkstrscw;
            USEVAR =  time7c freldis mreldis fwrkstrs mwrkstrs;
            WITHIN =  time7c;
            CLUSTER = coupleid;
            LAGGED = freldis(1) mreldis(1);
  DEFINE:   CENTER fwrkstrs mwrkstrs (GRANDMEAN);
  ANALYSIS: TYPE = TWOLEVEL RANDOM; ESTIMATOR=bayes;
  	      PROCESSORS = 4;
  	      BITERATIONS = (5000);
  MODEL:    %WITHIN%
             cf | freldis ON fwrkstrs; ! Latent separation of fwrkstrs
             cm | mreldis ON mwrkstrs; ! Latent separation of mwrkstrs
             freldis^ ON freldis^1; !This is to specify AR(1) error structure
             mreldis^ ON mreldis^1; !This is to specify AR(1) error structure
             freldis mreldis ON time7c;
             freldis (freldisv1); mreldis (mreldisv1);
             freldis WITH mreldis (covlev1);
            %BETWEEN%
             freldis ON fwrkstrs;
             mreldis ON mwrkstrs;
             freldis WITH cf cm;
             mreldis WITH cf cm;
             freldis WITH mreldis (covint);
             cf WITH cm (covslp);
             freldis (freldisv2);
             mreldis (mreldisv2);
             cf (cf); [cf] (meancf);
             cm (cm); [cm] (meancm);
            MODEL CONSTRAINT:
             NEW rint; rint = covint/sqrt(freldisv2 * mreldisv2);
             NEW rslp; rslp = covslp/sqrt(cf * cm);
             NEW rlev1; rlev1 = covlev1/sqrt(freldisv1 * mreldisv1);
             NEW slpdiff; slpdiff=meancf-meancm;
  OUTPUT:    stdyx tech8;



*** WARNING in VARIABLE command
  Note that only the first 8 characters of variable names are used in the output.
  Shorten variable names to avoid any confusion.
*** WARNING in MODEL command
  In the MODEL command, the x variable on the WITHIN level has been turned into a
  y variable to enable latent variable decomposition.  This variable will be treated
  as a y-variable on both levels:  FWRKSTRS
*** WARNING in MODEL command
  In the MODEL command, the x variable on the WITHIN level has been turned into a
  y variable to enable latent variable decomposition.  This variable will be treated
  as a y-variable on both levels:  MWRKSTRS
   3 WARNING(S) FOUND IN THE INPUT INSTRUCTIONS



Extension of Dyads (Work-to-Home Stress Example);

SUMMARY OF ANALYSIS

Number of groups                                                 1
Number of observations                                        2100

Number of dependent variables                                    4
Number of independent variables                                  5
Number of continuous latent variables                            2

Observed dependent variables

  Continuous
   FRELDIS     MRELDIS     FWRKSTRS    MWRKSTRS

Observed independent variables
   TIME7C      FRELDIS^    MRELDIS^    FWRKSTRS    MWRKSTRS

Continuous latent variables
   CF          CM

Variables with special functions

  Cluster variable      COUPLEID

  Within variables
   TIME7C      FRELDIS^    MRELDIS^    FWRKSTRS    MWRKSTRS

  Centering (GRANDMEAN)
   FWRKSTRS    MWRKSTRS


Estimator                                                    BAYES
Specifications for Bayesian Estimation
  Point estimate                                            MEDIAN
  Number of Markov chain Monte Carlo (MCMC) chains               2
  Random seed for the first chain                                0
  Starting value information                           UNPERTURBED
  Algorithm used for Markov chain Monte Carlo           GIBBS(PX1)
  Convergence criterion                                  0.500D-01
  Maximum number of iterations                               50000
  K-th iteration used for thinning                               1

Input data file(s)
  dyadsdata.dat
Input data format  FREE


SUMMARY OF DATA

     Number of clusters                        100

       Size (s)    Cluster ID with Size s

         21        1 2 3 4 5 6 7 8 9 10 11 12 13 14 15 16 17 18 19 20 21
                   22 23 24 25 26 27 28 29 30 31 32 33 34 35 36 37 38 39
                   40 41 42 43 44 45 46 47 48 49 50 51 52 53 54 55 56 57
                   58 59 60 61 62 63 64 65 66 67 68 69 70 71 72 73 74 75
                   76 77 78 79 80 81 82 83 84 85 86 87 88 89 90 91 92 93
                   94 95 96 97 98 99 100



COVARIANCE COVERAGE OF DATA

Minimum covariance coverage value   0.100

     Number of missing data patterns             2


     PROPORTION OF DATA PRESENT


           Covariance Coverage
              FRELDIS       MRELDIS       FWRKSTRS      MWRKSTRS      TIME7C
              ________      ________      ________      ________      ________
 FRELDIS        1.000
 MRELDIS        1.000         1.000
 FWRKSTRS       1.000         1.000         1.000
 MWRKSTRS       1.000         1.000         1.000         1.000
 TIME7C         1.000         1.000         1.000         1.000         1.000



UNIVARIATE SAMPLE STATISTICS


     UNIVARIATE HIGHER-ORDER MOMENT DESCRIPTIVE STATISTICS

         Variable/         Mean/     Skewness/   Minimum/ % with                Percentiles
        Sample Size      Variance    Kurtosis    Maximum  Min/Max      20%/60%    40%/80%    Median

     FRELDIS               4.635       0.107       0.000    0.05%       3.490      4.250      4.610
            2100.000       1.953       0.243      10.000    0.05%       4.950      5.790
     MRELDIS               5.082       0.086       0.000    0.05%       3.950      4.730      5.060
            2100.000       1.811       0.091      10.000    0.05%       5.410      6.180
     FWRKSTRS              0.000       0.027      -2.968    0.43%      -0.968      0.032      0.032
            2100.000       1.053      -0.144       3.032    0.48%       0.032      1.032
     MWRKSTRS              0.000      -0.020      -3.013    0.52%      -1.013     -0.013     -0.013
            2100.000       1.065      -0.127       3.987    0.05%      -0.013      0.987
     TIME7C               -0.071       0.000      -1.500    4.76%      -0.929     -0.357     -0.071
            2100.000       0.748      -1.205       1.357    4.76%       0.214      0.786


THE MODEL ESTIMATION TERMINATED NORMALLY

     USE THE FBITERATIONS OPTION TO INCREASE THE NUMBER OF ITERATIONS BY A FACTOR
     OF AT LEAST TWO TO CHECK CONVERGENCE AND THAT THE PSR VALUE DOES NOT INCREASE.



MODEL FIT INFORMATION

Number of Free Parameters                              29

Information Criteria

          Deviance (DIC)                        23786.500
          Estimated Number of Parameters (pD)     295.271



MODEL RESULTS

                                Posterior  One-Tailed         95% C.I.
                    Estimate       S.D.      P-Value   Lower 2.5%  Upper 2.5%  Significance

Within Level

 FRELDIS^   ON
    FRELDIS^1          0.002       0.024      0.473      -0.046       0.049

 MRELDIS^   ON
    MRELDIS^1          0.017       0.024      0.243      -0.029       0.066

 FRELDIS    ON
    TIME7C             0.037       0.036      0.157      -0.034       0.104

 MRELDIS    ON
    TIME7C             0.050       0.032      0.066      -0.015       0.113

 FRELDIS  WITH
    MRELDIS            0.065       0.020      0.001       0.025       0.105      *

 Residual Variances
    FRELDIS            1.001       0.032      0.000       0.940       1.066      *
    MRELDIS            0.766       0.025      0.000       0.718       0.816      *
    FWRKSTRS           1.053       0.033      0.000       0.991       1.118      *
    MWRKSTRS           1.065       0.033      0.000       1.001       1.129      *

Between Level

 FRELDIS    ON
    FWRKSTRS           4.079       6.310      0.230      -8.120      17.877

 MRELDIS    ON
    MWRKSTRS          -2.795       7.340      0.292     -20.522      11.261

 FRELDIS  WITH
    CF                 0.060       0.030      0.012       0.006       0.126      *
    CM                -0.003       0.030      0.463      -0.061       0.057

 MRELDIS  WITH
    CF                 0.004       0.034      0.446      -0.061       0.073
    CM                 0.030       0.032      0.167      -0.030       0.097

 CF       WITH
    CM                 0.011       0.007      0.053      -0.002       0.027

 FRELDIS  WITH
    MRELDIS            0.277       0.124      0.007       0.056       0.544      *

 Means
    FWRKSTRS           0.003       0.024      0.445      -0.041       0.052
    MWRKSTRS           0.002       0.024      0.469      -0.043       0.053
    CF                 0.160       0.028      0.000       0.105       0.213      *
    CM                 0.109       0.027      0.000       0.056       0.162      *

 Intercepts
    FRELDIS            4.613       0.180      0.000       4.251       4.988      *
    MRELDIS            5.098       0.201      0.000       4.725       5.501      *

 Variances
    FWRKSTRS           0.003       0.003      0.000       0.001       0.014      *
    MWRKSTRS           0.004       0.004      0.000       0.001       0.017      *
    CF                 0.024       0.009      0.000       0.010       0.046      *
    CM                 0.035       0.011      0.000       0.018       0.060      *

 Residual Variances
    FRELDIS            0.899       0.225      0.000       0.393       1.301      *
    MRELDIS            1.022       0.239      0.000       0.486       1.477      *

New/Additional Parameters
    RINT               0.303       0.129      0.007       0.065       0.582      *
    RSLP               0.401       0.230      0.053      -0.079       0.804
    RLEV1              0.075       0.023      0.001       0.029       0.119      *
    SLPDIFF            0.051       0.035      0.081      -0.021       0.117


STANDARDIZED MODEL RESULTS


STDYX Standardization

                                Posterior  One-Tailed         95% C.I.
                    Estimate       S.D.      P-Value   Lower 2.5%  Upper 2.5%  Significance

Within-Level Standardized Estimates Averaged Over Clusters

 CF | FRELDIS ON
    FWRKSTRS           0.157       0.022      0.000       0.112       0.198      *

 CM | MRELDIS ON
    MWRKSTRS           0.119       0.020      0.000       0.081       0.159      *

 FRELDIS^   ON
    FRELDIS^1          0.002       0.024      0.463      -0.043       0.050

 MRELDIS^   ON
    MRELDIS^1          0.017       0.024      0.228      -0.030       0.066

 FRELDIS    ON
    TIME7C             0.032       0.031      0.161      -0.030       0.091

 MRELDIS    ON
    TIME7C             0.051       0.033      0.064      -0.016       0.113

 FRELDIS  WITH
    MRELDIS            0.074       0.023      0.002       0.027       0.118      *

 Residual Variances
    FRELDIS            0.953       0.009      0.000       0.935       0.971      *
    MRELDIS            0.945       0.010      0.000       0.924       0.964      *
    FWRKSTRS           1.000       0.000      0.000       1.000       1.000
    MWRKSTRS           1.000       0.000      0.000       1.000       1.000

Between Level

 FRELDIS    ON
    FWRKSTRS           0.255       0.305      0.230      -0.362       0.770

 MRELDIS    ON
    MWRKSTRS          -0.180       0.318      0.292      -0.755       0.496

 FRELDIS  WITH
    CF                 0.434       0.189      0.012       0.050       0.795      *
    CM                -0.016       0.174      0.463      -0.338       0.341

 MRELDIS  WITH
    CF                 0.027       0.215      0.446      -0.369       0.478
    CM                 0.170       0.171      0.167      -0.162       0.502

 CF       WITH
    CM                 0.401       0.230      0.053      -0.079       0.804

 FRELDIS  WITH
    MRELDIS            0.303       0.129      0.007       0.065       0.582      *

 Means
    FWRKSTRS           0.049       0.473      0.445      -0.901       0.993
    MWRKSTRS           0.027       0.446      0.469      -0.790       1.060
    CF                 1.041       0.292      0.000       0.599       1.763      *
    CM                 0.593       0.169      0.000       0.283       0.936      *

 Intercepts
    FRELDIS            4.550       0.396      0.000       3.801       5.364      *
    MRELDIS            4.763       0.412      0.000       3.991       5.620      *

 Variances
    FWRKSTRS           1.000       0.000      0.000       1.000       1.000
    MWRKSTRS           1.000       0.000      0.000       1.000       1.000
    CF                 1.000       0.000      0.000       1.000       1.000
    CM                 1.000       0.000      0.000       1.000       1.000

 Residual Variances
    FRELDIS            0.912       0.169      0.000       0.407       1.000      *
    MRELDIS            0.930       0.152      0.000       0.430       1.000      *


R-SQUARE

Within-Level R-Square Averaged Across Clusters

                                Posterior  One-Tailed         95% C.I.
    Variable        Estimate       S.D.      P-Value   Lower 2.5%  Upper 2.5%

    FRELDIS            0.047       0.009      0.000       0.029       0.065
    MRELDIS            0.055       0.010      0.000       0.036       0.076
    FWRKSTRS           0.000       0.000      1.000       0.000       0.000
    MWRKSTRS           0.000       0.000      1.000       0.000       0.000

Between Level

                                Posterior  One-Tailed         95% C.I.
    Variable        Estimate       S.D.      P-Value   Lower 2.5%  Upper 2.5%

    FRELDIS            0.088       0.169      0.000       0.000       0.593
    MRELDIS            0.070       0.152      0.000       0.000       0.570


TECHNICAL 1 OUTPUT


     PARAMETER SPECIFICATION FOR WITHIN


           NU
              FRELDIS       MRELDIS       FWRKSTRS      MWRKSTRS      TIME7C
              ________      ________      ________      ________      ________
                    0             0             0             0             0


           NU
              FRELDIS^      MRELDIS^      FWRKSTRS      MWRKSTRS
              ________      ________      ________      ________
                    0             0             0             0


           LAMBDA
              FRELDIS       MRELDIS       FWRKSTRS      MWRKSTRS      TIME7C
              ________      ________      ________      ________      ________
 FRELDIS            0             0             0             0             0
 MRELDIS            0             0             0             0             0
 FWRKSTRS           0             0             0             0             0
 MWRKSTRS           0             0             0             0             0
 TIME7C             0             0             0             0             0
 FRELDIS^           0             0             0             0             0
 MRELDIS^           0             0             0             0             0
 FWRKSTRS           0             0             0             0             0
 MWRKSTRS           0             0             0             0             0


           LAMBDA
              FRELDIS^      MRELDIS^      FWRKSTRS      MWRKSTRS
              ________      ________      ________      ________
 FRELDIS            0             0             0             0
 MRELDIS            0             0             0             0
 FWRKSTRS           0             0             0             0
 MWRKSTRS           0             0             0             0
 TIME7C             0             0             0             0
 FRELDIS^           0             0             0             0
 MRELDIS^           0             0             0             0
 FWRKSTRS           0             0             0             0
 MWRKSTRS           0             0             0             0


           THETA
              FRELDIS       MRELDIS       FWRKSTRS      MWRKSTRS      TIME7C
              ________      ________      ________      ________      ________
 FRELDIS            0
 MRELDIS            0             0
 FWRKSTRS           0             0             0
 MWRKSTRS           0             0             0             0
 TIME7C             0             0             0             0             0
 FRELDIS^           0             0             0             0             0
 MRELDIS^           0             0             0             0             0
 FWRKSTRS           0             0             0             0             0
 MWRKSTRS           0             0             0             0             0


           THETA
              FRELDIS^      MRELDIS^      FWRKSTRS      MWRKSTRS
              ________      ________      ________      ________
 FRELDIS^           0
 MRELDIS^           0             0
 FWRKSTRS           0             0             0
 MWRKSTRS           0             0             0             0


           ALPHA
              FRELDIS       MRELDIS       FWRKSTRS      MWRKSTRS      TIME7C
              ________      ________      ________      ________      ________
                    0             0             0             0             0


           ALPHA
              FRELDIS^      MRELDIS^      FWRKSTRS      MWRKSTRS
              ________      ________      ________      ________
                    0             0             0             0


           BETA
              FRELDIS       MRELDIS       FWRKSTRS      MWRKSTRS      TIME7C
              ________      ________      ________      ________      ________
 FRELDIS            0             0             0             0             1
 MRELDIS            0             0             0             0             3
 FWRKSTRS           0             0             0             0             0
 MWRKSTRS           0             0             0             0             0
 TIME7C             0             0             0             0             0
 FRELDIS^           0             0             0             0             0
 MRELDIS^           0             0             0             0             0
 FWRKSTRS           0             0             0             0             0
 MWRKSTRS           0             0             0             0             0


           BETA
              FRELDIS^      MRELDIS^      FWRKSTRS      MWRKSTRS
              ________      ________      ________      ________
 FRELDIS            2             0             0             0
 MRELDIS            0             4             0             0
 FWRKSTRS           0             0             0             0
 MWRKSTRS           0             0             0             0
 TIME7C             0             0             0             0
 FRELDIS^           0             0             0             0
 MRELDIS^           0             0             0             0
 FWRKSTRS           0             0             0             0
 MWRKSTRS           0             0             0             0


           PSI
              FRELDIS       MRELDIS       FWRKSTRS      MWRKSTRS      TIME7C
              ________      ________      ________      ________      ________
 FRELDIS            5
 MRELDIS            6             7
 FWRKSTRS           0             0             8
 MWRKSTRS           0             0             0             9
 TIME7C             0             0             0             0             0
 FRELDIS^           0             0             0             0             0
 MRELDIS^           0             0             0             0             0
 FWRKSTRS           0             0             0             0             0
 MWRKSTRS           0             0             0             0             0


           PSI
              FRELDIS^      MRELDIS^      FWRKSTRS      MWRKSTRS
              ________      ________      ________      ________
 FRELDIS^           0
 MRELDIS^           0             0
 FWRKSTRS           0             0             0
 MWRKSTRS           0             0             0             0


     PARAMETER SPECIFICATION FOR BETWEEN


           NU
              FRELDIS       MRELDIS       FWRKSTRS      MWRKSTRS
              ________      ________      ________      ________
                    0             0             0             0


           LAMBDA
              CF            CM            FRELDIS       MRELDIS       FWRKSTRS
              ________      ________      ________      ________      ________
 FRELDIS            0             0             0             0             0
 MRELDIS            0             0             0             0             0
 FWRKSTRS           0             0             0             0             0
 MWRKSTRS           0             0             0             0             0


           LAMBDA
              MWRKSTRS
              ________
 FRELDIS            0
 MRELDIS            0
 FWRKSTRS           0
 MWRKSTRS           0


           THETA
              FRELDIS       MRELDIS       FWRKSTRS      MWRKSTRS
              ________      ________      ________      ________
 FRELDIS            0
 MRELDIS            0             0
 FWRKSTRS           0             0             0
 MWRKSTRS           0             0             0             0


           ALPHA
              CF            CM            FRELDIS       MRELDIS       FWRKSTRS
              ________      ________      ________      ________      ________
                   10            11            12            13            14


           ALPHA
              MWRKSTRS
              ________
                   15


           BETA
              CF            CM            FRELDIS       MRELDIS       FWRKSTRS
              ________      ________      ________      ________      ________
 CF                 0             0             0             0             0
 CM                 0             0             0             0             0
 FRELDIS            0             0             0             0            16
 MRELDIS            0             0             0             0             0
 FWRKSTRS           0             0             0             0             0
 MWRKSTRS           0             0             0             0             0


           BETA
              MWRKSTRS
              ________
 CF                 0
 CM                 0
 FRELDIS            0
 MRELDIS           17
 FWRKSTRS           0
 MWRKSTRS           0


           PSI
              CF            CM            FRELDIS       MRELDIS       FWRKSTRS
              ________      ________      ________      ________      ________
 CF                18
 CM                19            20
 FRELDIS           21            22            23
 MRELDIS           24            25            26            27
 FWRKSTRS           0             0             0             0            28
 MWRKSTRS           0             0             0             0             0


           PSI
              MWRKSTRS
              ________
 MWRKSTRS          29


     PARAMETER SPECIFICATION FOR THE ADDITIONAL PARAMETERS


           NEW/ADDITIONAL PARAMETERS
              RINT          RSLP          RLEV1         SLPDIFF
              ________      ________      ________      ________
                   30            31            32            33


     STARTING VALUES FOR WITHIN


           NU
              FRELDIS       MRELDIS       FWRKSTRS      MWRKSTRS      TIME7C
              ________      ________      ________      ________      ________
                0.000         0.000         0.000         0.000         0.000


           NU
              FRELDIS^      MRELDIS^      FWRKSTRS      MWRKSTRS
              ________      ________      ________      ________
                0.000         0.000         0.000         0.000


           LAMBDA
              FRELDIS       MRELDIS       FWRKSTRS      MWRKSTRS      TIME7C
              ________      ________      ________      ________      ________
 FRELDIS        1.000         0.000         0.000         0.000         0.000
 MRELDIS        0.000         1.000         0.000         0.000         0.000
 FWRKSTRS       0.000         0.000         1.000         0.000         0.000
 MWRKSTRS       0.000         0.000         0.000         1.000         0.000
 TIME7C         0.000         0.000         0.000         0.000         1.000
 FRELDIS^       0.000         0.000         0.000         0.000         0.000
 MRELDIS^       0.000         0.000         0.000         0.000         0.000
 FWRKSTRS       0.000         0.000         0.000         0.000         0.000
 MWRKSTRS       0.000         0.000         0.000         0.000         0.000


           LAMBDA
              FRELDIS^      MRELDIS^      FWRKSTRS      MWRKSTRS
              ________      ________      ________      ________
 FRELDIS        0.000         0.000         0.000         0.000
 MRELDIS        0.000         0.000         0.000         0.000
 FWRKSTRS       0.000         0.000         0.000         0.000
 MWRKSTRS       0.000         0.000         0.000         0.000
 TIME7C         0.000         0.000         0.000         0.000
 FRELDIS^       1.000         0.000         0.000         0.000
 MRELDIS^       0.000         1.000         0.000         0.000
 FWRKSTRS       0.000         0.000         1.000         0.000
 MWRKSTRS       0.000         0.000         0.000         1.000


           THETA
              FRELDIS       MRELDIS       FWRKSTRS      MWRKSTRS      TIME7C
              ________      ________      ________      ________      ________
 FRELDIS        0.000
 MRELDIS        0.000         0.000
 FWRKSTRS       0.000         0.000         0.000
 MWRKSTRS       0.000         0.000         0.000         0.000
 TIME7C         0.000         0.000         0.000         0.000         0.000
 FRELDIS^       0.000         0.000         0.000         0.000         0.000
 MRELDIS^       0.000         0.000         0.000         0.000         0.000
 FWRKSTRS       0.000         0.000         0.000         0.000         0.000
 MWRKSTRS       0.000         0.000         0.000         0.000         0.000


           THETA
              FRELDIS^      MRELDIS^      FWRKSTRS      MWRKSTRS
              ________      ________      ________      ________
 FRELDIS^       0.000
 MRELDIS^       0.000         0.000
 FWRKSTRS       0.000         0.000         0.000
 MWRKSTRS       0.000         0.000         0.000         0.000


           ALPHA
              FRELDIS       MRELDIS       FWRKSTRS      MWRKSTRS      TIME7C
              ________      ________      ________      ________      ________
                0.000         0.000         0.000         0.000         0.000


           ALPHA
              FRELDIS^      MRELDIS^      FWRKSTRS      MWRKSTRS
              ________      ________      ________      ________
                0.000         0.000         0.000         0.000


           BETA
              FRELDIS       MRELDIS       FWRKSTRS      MWRKSTRS      TIME7C
              ________      ________      ________      ________      ________
 FRELDIS        0.000         0.000         0.000         0.000         0.000
 MRELDIS        0.000         0.000         0.000         0.000         0.000
 FWRKSTRS       0.000         0.000         0.000         0.000         0.000
 MWRKSTRS       0.000         0.000         0.000         0.000         0.000
 TIME7C         0.000         0.000         0.000         0.000         0.000
 FRELDIS^       0.000         0.000         0.000         0.000         0.000
 MRELDIS^       0.000         0.000         0.000         0.000         0.000
 FWRKSTRS       0.000         0.000         0.000         0.000         0.000
 MWRKSTRS       0.000         0.000         0.000         0.000         0.000


           BETA
              FRELDIS^      MRELDIS^      FWRKSTRS      MWRKSTRS
              ________      ________      ________      ________
 FRELDIS        0.000         0.000         0.000         0.000
 MRELDIS        0.000         0.000         0.000         0.000
 FWRKSTRS       0.000         0.000         0.000         0.000
 MWRKSTRS       0.000         0.000         0.000         0.000
 TIME7C         0.000         0.000         0.000         0.000
 FRELDIS^       0.000         0.000         0.000         0.000
 MRELDIS^       0.000         0.000         0.000         0.000
 FWRKSTRS       0.000         0.000         0.000         0.000
 MWRKSTRS       0.000         0.000         0.000         0.000


           PSI
              FRELDIS       MRELDIS       FWRKSTRS      MWRKSTRS      TIME7C
              ________      ________      ________      ________      ________
 FRELDIS        0.976
 MRELDIS        0.000         0.906
 FWRKSTRS       0.000         0.000         0.526
 MWRKSTRS       0.000         0.000         0.000         0.533
 TIME7C         0.000         0.000         0.000         0.000         0.374
 FRELDIS^       0.000         0.000         0.000         0.000         0.000
 MRELDIS^       0.000         0.000         0.000         0.000         0.000
 FWRKSTRS       0.000         0.000         0.000         0.000         0.000
 MWRKSTRS       0.000         0.000         0.000         0.000         0.000


           PSI
              FRELDIS^      MRELDIS^      FWRKSTRS      MWRKSTRS
              ________      ________      ________      ________
 FRELDIS^       0.983
 MRELDIS^       0.000         0.899
 FWRKSTRS       0.000         0.000         0.528
 MWRKSTRS       0.000         0.000         0.000         0.532


     STARTING VALUES FOR BETWEEN


           NU
              FRELDIS       MRELDIS       FWRKSTRS      MWRKSTRS
              ________      ________      ________      ________
                0.000         0.000         0.000         0.000


           LAMBDA
              CF            CM            FRELDIS       MRELDIS       FWRKSTRS
              ________      ________      ________      ________      ________
 FRELDIS        0.000         0.000         1.000         0.000         0.000
 MRELDIS        0.000         0.000         0.000         1.000         0.000
 FWRKSTRS       0.000         0.000         0.000         0.000         1.000
 MWRKSTRS       0.000         0.000         0.000         0.000         0.000


           LAMBDA
              MWRKSTRS
              ________
 FRELDIS        0.000
 MRELDIS        0.000
 FWRKSTRS       0.000
 MWRKSTRS       1.000


           THETA
              FRELDIS       MRELDIS       FWRKSTRS      MWRKSTRS
              ________      ________      ________      ________
 FRELDIS        0.000
 MRELDIS        0.000         0.000
 FWRKSTRS       0.000         0.000         0.000
 MWRKSTRS       0.000         0.000         0.000         0.000


           ALPHA
              CF            CM            FRELDIS       MRELDIS       FWRKSTRS
              ________      ________      ________      ________      ________
                0.000         0.000         4.635         5.082         0.000


           ALPHA
              MWRKSTRS
              ________
                0.000


           BETA
              CF            CM            FRELDIS       MRELDIS       FWRKSTRS
              ________      ________      ________      ________      ________
 CF             0.000         0.000         0.000         0.000         0.000
 CM             0.000         0.000         0.000         0.000         0.000
 FRELDIS        0.000         0.000         0.000         0.000         0.000
 MRELDIS        0.000         0.000         0.000         0.000         0.000
 FWRKSTRS       0.000         0.000         0.000         0.000         0.000
 MWRKSTRS       0.000         0.000         0.000         0.000         0.000


           BETA
              MWRKSTRS
              ________
 CF             0.000
 CM             0.000
 FRELDIS        0.000
 MRELDIS        0.000
 FWRKSTRS       0.000
 MWRKSTRS       0.000


           PSI
              CF            CM            FRELDIS       MRELDIS       FWRKSTRS
              ________      ________      ________      ________      ________
 CF             1.000
 CM             0.000         1.000
 FRELDIS        0.000         0.000         0.976
 MRELDIS        0.000         0.000         0.000         0.906
 FWRKSTRS       0.000         0.000         0.000         0.000         0.526
 MWRKSTRS       0.000         0.000         0.000         0.000         0.000


           PSI
              MWRKSTRS
              ________
 MWRKSTRS       0.533


     STARTING VALUES FOR THE ADDITIONAL PARAMETERS


           NEW/ADDITIONAL PARAMETERS
              RINT          RSLP          RLEV1         SLPDIFF
              ________      ________      ________      ________
                0.500         0.500         0.500         0.500



     PRIORS FOR ALL PARAMETERS            PRIOR MEAN      PRIOR VARIANCE     PRIOR STD. DEV.

     Parameter 1~N(0.000,infinity)           0.0000            infinity            infinity
     Parameter 2~N(0.000,infinity)           0.0000            infinity            infinity
     Parameter 3~N(0.000,infinity)           0.0000            infinity            infinity
     Parameter 4~N(0.000,infinity)           0.0000            infinity            infinity
     Parameter 5~IW(0.000,-3)              infinity            infinity            infinity
     Parameter 6~IW(0.000,-3)              infinity            infinity            infinity
     Parameter 7~IW(0.000,-3)              infinity            infinity            infinity
     Parameter 8~IG(-1.000,0.000)          infinity            infinity            infinity
     Parameter 9~IG(-1.000,0.000)          infinity            infinity            infinity
     Parameter 10~N(0.000,infinity)          0.0000            infinity            infinity
     Parameter 11~N(0.000,infinity)          0.0000            infinity            infinity
     Parameter 12~N(0.000,infinity)          0.0000            infinity            infinity
     Parameter 13~N(0.000,infinity)          0.0000            infinity            infinity
     Parameter 14~N(0.000,infinity)          0.0000            infinity            infinity
     Parameter 15~N(0.000,infinity)          0.0000            infinity            infinity
     Parameter 16~N(0.000,infinity)          0.0000            infinity            infinity
     Parameter 17~N(0.000,infinity)          0.0000            infinity            infinity
     Parameter 18~IW(0.000,-5)             infinity            infinity            infinity
     Parameter 19~IW(0.000,-5)             infinity            infinity            infinity
     Parameter 20~IW(0.000,-5)             infinity            infinity            infinity
     Parameter 21~IW(0.000,-5)             infinity            infinity            infinity
     Parameter 22~IW(0.000,-5)             infinity            infinity            infinity
     Parameter 23~IW(0.000,-5)             infinity            infinity            infinity
     Parameter 24~IW(0.000,-5)             infinity            infinity            infinity
     Parameter 25~IW(0.000,-5)             infinity            infinity            infinity
     Parameter 26~IW(0.000,-5)             infinity            infinity            infinity
     Parameter 27~IW(0.000,-5)             infinity            infinity            infinity
     Parameter 28~IG(-1.000,0.000)         infinity            infinity            infinity
     Parameter 29~IG(-1.000,0.000)         infinity            infinity            infinity


TECHNICAL 8 OUTPUT


   TECHNICAL 8 OUTPUT FOR BAYES ESTIMATION

     PROCESSOR    BSEED
     1            0
     2            285380
     3            253358
     4            93468

                     POTENTIAL       PARAMETER WITH
     ITERATION    SCALE REDUCTION      HIGHEST PSR
     100              1.266               28
     200              1.468               29
     300              1.150               12
     400              1.262               14
     500              1.081               10
     600              1.072               10
     700              1.181               12
     800              1.136               17
     900              1.098               12
     1000             1.235               16
     1100             1.264               16
     1200             1.115               17
     1300             1.085               17
     1400             1.146               14
     1500             1.123               14
     1600             1.108               14
     1700             1.160               14
     1800             1.135               14
     1900             1.142               14
     2000             1.138               14
     2100             1.069               14
     2200             1.049               14
     2300             1.067               14
     2400             1.089               16
     2500             1.084               14
     2600             1.103               14
     2700             1.090               14
     2800             1.076               14
     2900             1.099               14
     3000             1.085               14
     3100             1.054               23
     3200             1.058               23
     3300             1.078               23
     3400             1.078               23
     3500             1.068               23
     3600             1.068               23
     3700             1.056               23
     3800             1.043               23
     3900             1.047               23
     4000             1.042               23
     4100             1.035               23
     4200             1.035               23
     4300             1.027               14
     4400             1.023               16
     4500             1.022               12
     4600             1.020               16
     4700             1.023               16
     4800             1.019               16
     4900             1.024               16
     5000             1.019               16


DIAGRAM INFORMATION

  Mplus diagrams are currently not available for multilevel analysis.
  No diagram output was produced.


     Beginning Time:  08:16:10
        Ending Time:  08:19:55
       Elapsed Time:  00:03:45



MUTHEN & MUTHEN
3463 Stoner Ave.
Los Angeles, CA  90066

Tel: (310) 391-9971
Fax: (310) 391-8971
Web: www.StatModel.com
Support: Support@StatModel.com

Copyright (c) 1998-2021 Muthen & Muthen
