Mplus VERSION 8.7
MUTHEN & MUTHEN
12/14/2021   9:00 PM

INPUT INSTRUCTIONS

  TITLE:    Extension of Process: Daily Conflict and Intimacy example ;
  DATA:     FILE IS processdata.dat;
  VARIABLE: NAMES ARE id conflict time time7c intimacy conflictb conflictw
                       relqual relqualrev;
            USEVAR ARE time7c intimacy conflictw conflictb relqual confbrq;
            WITHIN = conflictw time7c;
            BETWEEN = relqual conflictb confbrq;
            CLUSTER = id;
            LAGGED = intimacy(1); !This is needed for lagging residual or outcome
  DEFINE:   confbrq=conflictb*relqual;
            CENTER conflictb (grandmean);
  ANALYSIS: TYPE = TWOLEVEL RANDOM;
  	      ESTIMATOR = BAYES;
  	      PROCESSORS = 2;
  	      BITERATIONS = (5000);
  MODEL:    %WITHIN%
            confslp | intimacy on conflictw;
            intimacy^ on intimacy^1; !This is to specify AR(1) error structure
            intimacy on time7c;
            %BETWEEN%
            intimacy with confslp;
            intimacy on conflictb confbrq;
            intimacy confslp on relqual;
  OUTPUT:   tech8 stdyx; !stdyx provides within standardization of confslp



*** WARNING in VARIABLE command
  Note that only the first 8 characters of variable names are used in the output.
  Shorten variable names to avoid any confusion.
*** WARNING
  One or more individual-level variables have no variation within a
  cluster for the following clusters.

     Variable   Cluster IDs with no within-cluster variation

      CONFLICT    20 22 57 64

   2 WARNING(S) FOUND IN THE INPUT INSTRUCTIONS



Extension of Process: Daily Conflict and Intimacy example ;

SUMMARY OF ANALYSIS

Number of groups                                                 1
Number of observations                                        1848

Number of dependent variables                                    1
Number of independent variables                                  6
Number of continuous latent variables                            1

Observed dependent variables

  Continuous
   INTIMACY

Observed independent variables
   TIME7C      CONFLICT    CONFLICT    RELQUAL     CONFBRQ     INTIMACY

Continuous latent variables
   CONFSLP

Variables with special functions

  Cluster variable      ID

  Within variables
   TIME7C      CONFLICT    INTIMACY

  Between variables
   CONFLICT    RELQUAL     CONFBRQ

  Centering (GRANDMEAN)
   CONFLICT


Estimator                                                    BAYES
Specifications for Bayesian Estimation
  Point estimate                                            MEDIAN
  Number of Markov chain Monte Carlo (MCMC) chains               2
  Random seed for the first chain                                0
  Starting value information                           UNPERTURBED
  Algorithm used for Markov chain Monte Carlo           GIBBS(PX1)
  Convergence criterion                                  0.500D-01
  Maximum number of iterations                               50000
  K-th iteration used for thinning                               1

Input data file(s)
  processdata.dat
Input data format  FREE


SUMMARY OF DATA

     Number of clusters                         66

       Size (s)    Cluster ID with Size s

         28        1 2 3 4 5 6 7 8 9 10 11 12 13 14 15 16 17 18 19 20 21
                   22 23 24 25 26 27 28 29 30 31 32 33 34 35 36 37 38 39
                   40 41 42 43 44 45 46 47 48 49 50 51 52 53 54 55 56 57
                   58 59 60 61 62 63 64 65 66



COVARIANCE COVERAGE OF DATA

Minimum covariance coverage value   0.100

     Number of missing data patterns             2


     PROPORTION OF DATA PRESENT


           Covariance Coverage
              INTIMACY      TIME7C        CONFLICT      CONFLICT      RELQUAL
              ________      ________      ________      ________      ________
 INTIMACY       1.000
 TIME7C         1.000         1.000
 CONFLICT       1.000         1.000         1.000
 CONFLICT       1.000         1.000         1.000         1.000
 RELQUAL        1.000         1.000         1.000         1.000         1.000
 CONFBRQ        1.000         1.000         1.000         1.000         1.000


           Covariance Coverage
              CONFBRQ
              ________
 CONFBRQ        1.000



UNIVARIATE SAMPLE STATISTICS


     UNIVARIATE HIGHER-ORDER MOMENT DESCRIPTIVE STATISTICS

         Variable/         Mean/     Skewness/   Minimum/ % with                Percentiles
        Sample Size      Variance    Kurtosis    Maximum  Min/Max      20%/60%    40%/80%    Median

     INTIMACY              4.821      -0.019       0.000    2.38%       2.850      4.260      4.845
            1848.000       5.188      -0.493      10.000    1.14%       5.410      6.820
     TIME7C                0.000       0.000      -1.929    3.57%      -1.214     -0.357      0.000
            1848.000       1.332      -1.203       1.929    3.57%       0.357      1.214
     CONFLICTW             0.000       1.045      -0.643    0.54%      -0.286     -0.143     -0.107
            1848.000       0.146       0.042       0.964    0.22%      -0.071      0.429
     CONFLICTB             0.000       0.752      -0.221    6.06%      -0.150     -0.078     -0.043
              66.000       0.027      -0.344       0.422    1.52%      -0.007      0.136
     RELQUAL               0.606      -0.434       0.000   39.39%       0.000      0.000      1.000
              66.000       0.239      -1.812       1.000   60.61%       1.000      1.000
     CONFBRQ               0.093       1.776       0.000   43.94%       0.000      0.000      0.071
              66.000       0.014       4.018       0.607    1.52%       0.107      0.179


THE MODEL ESTIMATION TERMINATED NORMALLY

     USE THE FBITERATIONS OPTION TO INCREASE THE NUMBER OF ITERATIONS BY A FACTOR
     OF AT LEAST TWO TO CHECK CONVERGENCE AND THAT THE PSR VALUE DOES NOT INCREASE.



MODEL FIT INFORMATION

Number of Free Parameters                              12

Information Criteria

          Deviance (DIC)                         7706.027
          Estimated Number of Parameters (pD)     107.399



MODEL RESULTS

                                Posterior  One-Tailed         95% C.I.
                    Estimate       S.D.      P-Value   Lower 2.5%  Upper 2.5%  Significance

Within Level

 INTIMACY^  ON
    INTIMACY^1        -0.046       0.025      0.042      -0.095       0.006

 INTIMACY   ON
    TIME7C            -0.029       0.037      0.222      -0.104       0.044

 Residual Variances
    INTIMACY           3.579       0.125      0.000       3.347       3.836      *

Between Level

 CONFSLP    ON
    RELQUAL            1.029       0.520      0.024       0.009       2.047      *

 INTIMACY   ON
    CONFLICTB         -0.815       1.143      0.241      -2.999       1.445
    CONFBRQ            2.526       1.769      0.076      -1.016       5.956
    RELQUAL            0.101       0.496      0.416      -0.879       1.075

 INTIMACY WITH
    CONFSLP            0.427       0.287      0.051      -0.100       1.049

 Intercepts
    INTIMACY           4.533       0.227      0.000       4.079       4.981      *
    CONFSLP           -2.024       0.392      0.000      -2.771      -1.234      *

 Residual Variances
    INTIMACY           0.892       0.200      0.000       0.599       1.369      *
    CONFSLP            3.017       0.793      0.000       1.836       4.932      *


STANDARDIZED MODEL RESULTS


STDYX Standardization

                                Posterior  One-Tailed         95% C.I.
                    Estimate       S.D.      P-Value   Lower 2.5%  Upper 2.5%  Significance

Within-Level Standardized Estimates Averaged Over Clusters

 CONFSLP | INTIMACY ON
    CONFLICTW         -0.232       0.018      0.000      -0.267      -0.196      *

 INTIMACY^  ON
    INTIMACY^1        -0.046       0.026      0.041      -0.096       0.006

 INTIMACY   ON
    TIME7C            -0.017       0.021      0.223      -0.059       0.025

 Residual Variances
    INTIMACY           0.856       0.012      0.000       0.832       0.879      *

Between Level

 CONFSLP    ON
    RELQUAL            0.202       0.098      0.024       0.002       0.382      *

 INTIMACY   ON
    CONFLICTB         -0.095       0.124      0.241      -0.314       0.162
    CONFBRQ            0.214       0.137      0.076      -0.079       0.444
    RELQUAL            0.035       0.163      0.416      -0.266       0.358

 INTIMACY WITH
    CONFSLP            0.268       0.154      0.051      -0.058       0.547

 Intercepts
    INTIMACY           4.512       0.523      0.000       3.541       5.618      *
    CONFSLP           -1.142       0.240      0.000      -1.607      -0.666      *

 Residual Variances
    INTIMACY           0.909       0.080      0.000       0.682       0.983      *
    CONFSLP            0.959       0.040      0.000       0.854       1.000      *


R-SQUARE

Within-Level R-Square Averaged Across Clusters

                                Posterior  One-Tailed         95% C.I.
    Variable        Estimate       S.D.      P-Value   Lower 2.5%  Upper 2.5%

    INTIMACY           0.144       0.012      0.000       0.120       0.168

Between Level

                                Posterior  One-Tailed         95% C.I.
    Variable        Estimate       S.D.      P-Value   Lower 2.5%  Upper 2.5%

    INTIMACY           0.091       0.080      0.000       0.017       0.317

                                Posterior  One-Tailed         95% C.I.
    Variable        Estimate       S.D.      P-Value   Lower 2.5%  Upper 2.5%

    CONFSLP            0.041       0.040      0.000       0.000       0.146


TECHNICAL 1 OUTPUT


     PARAMETER SPECIFICATION FOR WITHIN


           NU
              INTIMACY      TIME7C        CONFLICT      INTIMACY
              ________      ________      ________      ________
                    0             0             0             0


           LAMBDA
              INTIMACY      TIME7C        CONFLICT      INTIMACY
              ________      ________      ________      ________
 INTIMACY           0             0             0             0
 TIME7C             0             0             0             0
 CONFLICT           0             0             0             0
 INTIMACY           0             0             0             0


           THETA
              INTIMACY      TIME7C        CONFLICT      INTIMACY
              ________      ________      ________      ________
 INTIMACY           0
 TIME7C             0             0
 CONFLICT           0             0             0
 INTIMACY           0             0             0             0


           ALPHA
              INTIMACY      TIME7C        CONFLICT      INTIMACY
              ________      ________      ________      ________
                    0             0             0             0


           BETA
              INTIMACY      TIME7C        CONFLICT      INTIMACY
              ________      ________      ________      ________
 INTIMACY           0             1             0             2
 TIME7C             0             0             0             0
 CONFLICT           0             0             0             0
 INTIMACY           0             0             0             0


           PSI
              INTIMACY      TIME7C        CONFLICT      INTIMACY
              ________      ________      ________      ________
 INTIMACY           3
 TIME7C             0             0
 CONFLICT           0             0             0
 INTIMACY           0             0             0             0


     PARAMETER SPECIFICATION FOR BETWEEN


           NU
              INTIMACY      CONFLICT      RELQUAL       CONFBRQ
              ________      ________      ________      ________
                    0             0             0             0


           LAMBDA
              CONFSLP       INTIMACY      CONFLICT      RELQUAL       CONFBRQ
              ________      ________      ________      ________      ________
 INTIMACY           0             0             0             0             0
 CONFLICT           0             0             0             0             0
 RELQUAL            0             0             0             0             0
 CONFBRQ            0             0             0             0             0


           THETA
              INTIMACY      CONFLICT      RELQUAL       CONFBRQ
              ________      ________      ________      ________
 INTIMACY           0
 CONFLICT           0             0
 RELQUAL            0             0             0
 CONFBRQ            0             0             0             0


           ALPHA
              CONFSLP       INTIMACY      CONFLICT      RELQUAL       CONFBRQ
              ________      ________      ________      ________      ________
                    4             5             0             0             0


           BETA
              CONFSLP       INTIMACY      CONFLICT      RELQUAL       CONFBRQ
              ________      ________      ________      ________      ________
 CONFSLP            0             0             0             6             0
 INTIMACY           0             0             7             8             9
 CONFLICT           0             0             0             0             0
 RELQUAL            0             0             0             0             0
 CONFBRQ            0             0             0             0             0


           PSI
              CONFSLP       INTIMACY      CONFLICT      RELQUAL       CONFBRQ
              ________      ________      ________      ________      ________
 CONFSLP           10
 INTIMACY          11            12
 CONFLICT           0             0             0
 RELQUAL            0             0             0             0
 CONFBRQ            0             0             0             0             0


     STARTING VALUES FOR WITHIN


           NU
              INTIMACY      TIME7C        CONFLICT      INTIMACY
              ________      ________      ________      ________
                0.000         0.000         0.000         0.000


           LAMBDA
              INTIMACY      TIME7C        CONFLICT      INTIMACY
              ________      ________      ________      ________
 INTIMACY       1.000         0.000         0.000         0.000
 TIME7C         0.000         1.000         0.000         0.000
 CONFLICT       0.000         0.000         1.000         0.000
 INTIMACY       0.000         0.000         0.000         1.000


           THETA
              INTIMACY      TIME7C        CONFLICT      INTIMACY
              ________      ________      ________      ________
 INTIMACY       0.000
 TIME7C         0.000         0.000
 CONFLICT       0.000         0.000         0.000
 INTIMACY       0.000         0.000         0.000         0.000


           ALPHA
              INTIMACY      TIME7C        CONFLICT      INTIMACY
              ________      ________      ________      ________
                0.000         0.000         0.000         0.000


           BETA
              INTIMACY      TIME7C        CONFLICT      INTIMACY
              ________      ________      ________      ________
 INTIMACY       0.000         0.000         0.000         0.000
 TIME7C         0.000         0.000         0.000         0.000
 CONFLICT       0.000         0.000         0.000         0.000
 INTIMACY       0.000         0.000         0.000         0.000


           PSI
              INTIMACY      TIME7C        CONFLICT      INTIMACY
              ________      ________      ________      ________
 INTIMACY       2.594
 TIME7C         0.000         0.666
 CONFLICT       0.000         0.000         0.073
 INTIMACY       0.000         0.000         0.000         2.586


     STARTING VALUES FOR BETWEEN


           NU
              INTIMACY      CONFLICT      RELQUAL       CONFBRQ
              ________      ________      ________      ________
                0.000         0.000         0.000         0.000


           LAMBDA
              CONFSLP       INTIMACY      CONFLICT      RELQUAL       CONFBRQ
              ________      ________      ________      ________      ________
 INTIMACY       0.000         1.000         0.000         0.000         0.000
 CONFLICT       0.000         0.000         1.000         0.000         0.000
 RELQUAL        0.000         0.000         0.000         1.000         0.000
 CONFBRQ        0.000         0.000         0.000         0.000         1.000


           THETA
              INTIMACY      CONFLICT      RELQUAL       CONFBRQ
              ________      ________      ________      ________
 INTIMACY       0.000
 CONFLICT       0.000         0.000
 RELQUAL        0.000         0.000         0.000
 CONFBRQ        0.000         0.000         0.000         0.000


           ALPHA
              CONFSLP       INTIMACY      CONFLICT      RELQUAL       CONFBRQ
              ________      ________      ________      ________      ________
                0.000         4.821         0.000         0.000         0.000


           BETA
              CONFSLP       INTIMACY      CONFLICT      RELQUAL       CONFBRQ
              ________      ________      ________      ________      ________
 CONFSLP        0.000         0.000         0.000         0.000         0.000
 INTIMACY       0.000         0.000         0.000         0.000         0.000
 CONFLICT       0.000         0.000         0.000         0.000         0.000
 RELQUAL        0.000         0.000         0.000         0.000         0.000
 CONFBRQ        0.000         0.000         0.000         0.000         0.000


           PSI
              CONFSLP       INTIMACY      CONFLICT      RELQUAL       CONFBRQ
              ________      ________      ________      ________      ________
 CONFSLP        1.000
 INTIMACY       0.000         2.594
 CONFLICT       0.000         0.000         0.013
 RELQUAL        0.000         0.000         0.000         0.119
 CONFBRQ        0.000         0.000         0.000         0.000         0.007



     PRIORS FOR ALL PARAMETERS            PRIOR MEAN      PRIOR VARIANCE     PRIOR STD. DEV.

     Parameter 1~N(0.000,infinity)           0.0000            infinity            infinity
     Parameter 2~N(0.000,infinity)           0.0000            infinity            infinity
     Parameter 3~IG(-1.000,0.000)          infinity            infinity            infinity
     Parameter 4~N(0.000,infinity)           0.0000            infinity            infinity
     Parameter 5~N(0.000,infinity)           0.0000            infinity            infinity
     Parameter 6~N(0.000,infinity)           0.0000            infinity            infinity
     Parameter 7~N(0.000,infinity)           0.0000            infinity            infinity
     Parameter 8~N(0.000,infinity)           0.0000            infinity            infinity
     Parameter 9~N(0.000,infinity)           0.0000            infinity            infinity
     Parameter 10~IW(0.000,-3)             infinity            infinity            infinity
     Parameter 11~IW(0.000,-3)             infinity            infinity            infinity
     Parameter 12~IW(0.000,-3)             infinity            infinity            infinity


TECHNICAL 8 OUTPUT


   TECHNICAL 8 OUTPUT FOR BAYES ESTIMATION

     CHAIN    BSEED
     1        0
     2        285380

                     POTENTIAL       PARAMETER WITH
     ITERATION    SCALE REDUCTION      HIGHEST PSR
     100              1.055               1
     200              1.018               11
     300              1.013               6
     400              1.018               3
     500              1.012               11
     600              1.005               3
     700              1.008               9
     800              1.007               6
     900              1.008               9
     1000             1.004               8
     1100             1.002               2
     1200             1.008               10
     1300             1.001               10
     1400             1.001               2
     1500             1.002               6
     1600             1.006               6
     1700             1.004               10
     1800             1.002               6
     1900             1.001               10
     2000             1.002               8
     2100             1.003               8
     2200             1.003               8
     2300             1.002               8
     2400             1.002               8
     2500             1.000               8
     2600             1.001               8
     2700             1.001               8
     2800             1.001               8
     2900             1.001               1
     3000             1.002               4
     3100             1.001               1
     3200             1.001               7
     3300             1.001               1
     3400             1.001               4
     3500             1.001               4
     3600             1.001               4
     3700             1.001               4
     3800             1.002               11
     3900             1.002               11
     4000             1.002               11
     4100             1.003               11
     4200             1.002               11
     4300             1.002               11
     4400             1.002               12
     4500             1.002               11
     4600             1.002               11
     4700             1.002               11
     4800             1.002               11
     4900             1.001               11
     5000             1.001               11


DIAGRAM INFORMATION

  Mplus diagrams are currently not available for multilevel analysis.
  No diagram output was produced.


     Beginning Time:  21:00:38
        Ending Time:  21:00:55
       Elapsed Time:  00:00:17



MUTHEN & MUTHEN
3463 Stoner Ave.
Los Angeles, CA  90066

Tel: (310) 391-9971
Fax: (310) 391-8971
Web: www.StatModel.com
Support: Support@StatModel.com

Copyright (c) 1998-2021 Muthen & Muthen
